2020/05/19-20:53 [restartedMain] INFO  com.goinhn.kon.KonApplication- Starting KonApplication on DESKTOP-8S8SM78 with PID 3772 (D:\pronow\corporate_portrait\kon\target\classes started by goinhn in D:\pronow\corporate_portrait\kon)
2020/05/19-20:53 [restartedMain] INFO  com.goinhn.kon.KonApplication- No active profile set, falling back to default profiles: default
2020/05/19-20:53 [restartedMain] INFO  org.springframework.boot.devtools.env.DevToolsPropertyDefaultsPostProcessor- Devtools property defaults active! Set 'spring.devtools.add-properties' to 'false' to disable
2020/05/19-20:53 [restartedMain] INFO  org.springframework.boot.devtools.env.DevToolsPropertyDefaultsPostProcessor- For additional web related logging consider setting the 'logging.level.web' property to 'DEBUG'
2020/05/19-20:53 [restartedMain] INFO  org.springframework.data.repository.config.RepositoryConfigurationDelegate- Multiple Spring Data modules found, entering strict repository configuration mode!
2020/05/19-20:53 [restartedMain] INFO  org.springframework.data.repository.config.RepositoryConfigurationDelegate- Bootstrapping Spring Data repositories in DEFAULT mode.
2020/05/19-20:53 [restartedMain] INFO  org.springframework.data.repository.config.RepositoryConfigurationDelegate- Finished Spring Data repository scanning in 72ms. Found 0 repository interfaces.
2020/05/19-20:53 [restartedMain] INFO  org.springframework.context.support.PostProcessorRegistrationDelegate$BeanPostProcessorChecker- Bean 'org.springframework.ws.config.annotation.DelegatingWsConfiguration' of type [org.springframework.ws.config.annotation.DelegatingWsConfiguration$$EnhancerBySpringCGLIB$$64e98e2c] is not eligible for getting processed by all BeanPostProcessors (for example: not eligible for auto-proxying)
2020/05/19-20:53 [restartedMain] INFO  org.springframework.ws.soap.addressing.server.AnnotationActionEndpointMapping- Supporting [WS-Addressing August 2004, WS-Addressing 1.0]
2020/05/19-20:53 [restartedMain] INFO  org.springframework.context.support.PostProcessorRegistrationDelegate$BeanPostProcessorChecker- Bean 'org.springframework.transaction.annotation.ProxyTransactionManagementConfiguration' of type [org.springframework.transaction.annotation.ProxyTransactionManagementConfiguration$$EnhancerBySpringCGLIB$$c051c92d] is not eligible for getting processed by all BeanPostProcessors (for example: not eligible for auto-proxying)
2020/05/19-20:53 [restartedMain] INFO  org.springframework.boot.web.embedded.tomcat.TomcatWebServer- Tomcat initialized with port(s): 12140 (http)
2020/05/19-20:53 [restartedMain] INFO  org.apache.catalina.core.StandardService- Starting service [Tomcat]
2020/05/19-20:53 [restartedMain] INFO  org.apache.catalina.core.StandardEngine- Starting Servlet engine: [Apache Tomcat/9.0.16]
2020/05/19-20:53 [restartedMain] INFO  org.apache.catalina.core.AprLifecycleListener- Loaded APR based Apache Tomcat Native library [1.2.23] using APR version [1.7.0].
2020/05/19-20:53 [restartedMain] INFO  org.apache.catalina.core.AprLifecycleListener- APR capabilities: IPv6 [true], sendfile [true], accept filters [false], random [true].
2020/05/19-20:53 [restartedMain] INFO  org.apache.catalina.core.AprLifecycleListener- APR/OpenSSL configuration: useAprConnector [false], useOpenSSL [true]
2020/05/19-20:53 [restartedMain] INFO  org.apache.catalina.core.AprLifecycleListener- OpenSSL successfully initialized [OpenSSL 1.1.1c  28 May 2019]
2020/05/19-20:53 [restartedMain] INFO  org.apache.catalina.core.ContainerBase.[Tomcat].[localhost].[/kon]- Initializing Spring embedded WebApplicationContext
2020/05/19-20:53 [restartedMain] INFO  org.springframework.web.context.ContextLoader- Root WebApplicationContext: initialization completed in 3768 ms
2020/05/19-20:53 [restartedMain] INFO  springfox.documentation.spring.web.PropertySourcedRequestMappingHandlerMapping- Mapped URL path [/v2/api-docs] onto method [public org.springframework.http.ResponseEntity<springfox.documentation.spring.web.json.Json> springfox.documentation.swagger2.web.Swagger2Controller.getDocumentation(java.lang.String,javax.servlet.http.HttpServletRequest)]
2020/05/19-20:53 [restartedMain] INFO  org.springframework.scheduling.concurrent.ThreadPoolTaskExecutor- Initializing ExecutorService 'applicationTaskExecutor'
2020/05/19-20:53 [restartedMain] INFO  org.springframework.boot.devtools.autoconfigure.OptionalLiveReloadServer- LiveReload server is running on port 35729
2020/05/19-20:53 [restartedMain] INFO  springfox.documentation.spring.web.plugins.DocumentationPluginsBootstrapper- Context refreshed
2020/05/19-20:53 [restartedMain] INFO  springfox.documentation.spring.web.plugins.DocumentationPluginsBootstrapper- Found 1 custom documentation plugin(s)
2020/05/19-20:53 [restartedMain] INFO  springfox.documentation.spring.web.scanners.ApiListingReferenceScanner- Scanning for api listing references
2020/05/19-20:53 [restartedMain] INFO  springfox.documentation.spring.web.readers.operation.CachingOperationNameGenerator- Generating unique operation named: businessUsingGET_1
2020/05/19-20:53 [restartedMain] INFO  springfox.documentation.spring.web.readers.operation.CachingOperationNameGenerator- Generating unique operation named: peopleUsingGET_1
2020/05/19-20:53 [restartedMain] INFO  springfox.documentation.spring.web.readers.operation.CachingOperationNameGenerator- Generating unique operation named: searchEntNameUsingGET_1
2020/05/19-20:53 [restartedMain] INFO  org.springframework.boot.web.embedded.tomcat.TomcatWebServer- Tomcat started on port(s): 12140 (http) with context path '/kon'
2020/05/19-20:53 [restartedMain] INFO  com.goinhn.kon.KonApplication- Started KonApplication in 7.524 seconds (JVM running for 9.637)
2020/05/19-20:54 [http-nio-12140-exec-1] INFO  org.apache.catalina.core.ContainerBase.[Tomcat].[localhost].[/kon]- Initializing Spring DispatcherServlet 'dispatcherServlet'
2020/05/19-20:54 [http-nio-12140-exec-1] INFO  org.springframework.web.servlet.DispatcherServlet- Initializing Servlet 'dispatcherServlet'
2020/05/19-20:54 [http-nio-12140-exec-1] INFO  org.springframework.web.servlet.DispatcherServlet- Completed initialization in 7 ms
2020/05/19-20:54 [http-nio-12140-exec-1] INFO  com.goinhn.kon.controller.VerificationPageController- login page

2020/05/19-20:54 [http-nio-12140-exec-5] INFO  com.goinhn.kon.controller.AuthController- /kon/verify/userlogin----------LoginVO(username=user1, password=202cb962ac59075b964b07152d234b70)

2020/05/19-20:54 [http-nio-12140-exec-5] INFO  com.zaxxer.hikari.HikariDataSource- HikariPool-1 - Starting...
2020/05/19-20:54 [http-nio-12140-exec-5] INFO  com.zaxxer.hikari.HikariDataSource- HikariPool-1 - Start completed.
2020/05/19-20:54 [http-nio-12140-exec-5] INFO  com.goinhn.kon.utils.ResultInfoUtil- /kon/verify/userlogin----------ResultInfo(flag=true, status=200, data=TokenDTO(username=user1, token=18ba6126-2d86-4252-84ef-8f0e57b91460, loginTime=2020-05-19T20:54:18.844, expireTime=2020-05-20T02:54:18.844), errorMsg=)

2020/05/19-20:54 [http-nio-12140-exec-6] INFO  com.goinhn.kon.controller.UserPageController- user page

2020/05/19-20:54 [http-nio-12140-exec-5] INFO  com.goinhn.kon.controller.UserPageController- user page

2020/05/19-20:54 [http-nio-12140-exec-7] INFO  com.goinhn.kon.controller.UserPageController- search page

2020/05/19-20:54 [http-nio-12140-exec-7] INFO  com.goinhn.kon.controller.UserPageController- new-class page

2020/05/19-20:54 [http-nio-12140-exec-9] INFO  com.goinhn.kon.controller.SaveController- /kon/save/searchEntName/{entName}----------ent1

2020/05/19-20:54 [http-nio-12140-exec-9] INFO  com.goinhn.kon.utils.ResultInfoUtil- /kon/save/searchEntName/{entName}----------ResultInfo(flag=false, status=200, data=, errorMsg=该企业已经存在)

2020/05/19-20:55 [http-nio-12140-exec-6] INFO  com.goinhn.kon.controller.UserPageController- user page

2020/05/19-20:55 [http-nio-12140-exec-2] INFO  com.goinhn.kon.controller.UserPageController- search page

2020/05/19-20:55 [http-nio-12140-exec-10] INFO  com.goinhn.kon.controller.SearchController- /kon/search/searchEntName/{entName}----------ent1

2020/05/19-20:55 [http-nio-12140-exec-10] INFO  com.goinhn.kon.utils.ResultInfoUtil- /kon/search/searchEntName/{entName}----------ResultInfo(flag=true, status=200, data=[ShowTableInfo(entName=ent1, entCat=内资企业), ShowTableInfo(entName=ent10, entCat=内资企业), ShowTableInfo(entName=ent11, entCat=内资企业), ShowTableInfo(entName=ent12, entCat=内资企业), ShowTableInfo(entName=ent13, entCat=内资企业), ShowTableInfo(entName=ent14, entCat=内资企业), ShowTableInfo(entName=ent15, entCat=内资企业), ShowTableInfo(entName=ent16, entCat=内资企业), ShowTableInfo(entName=ent17, entCat=内资企业), ShowTableInfo(entName=ent18, entCat=内资企业), ShowTableInfo(entName=ent19, entCat=内资企业)], errorMsg=)

2020/05/19-20:55 [http-nio-12140-exec-5] INFO  com.goinhn.kon.controller.SearchController- /kon/searchEntInfo/{entName)----------ent1

2020/05/19-20:55 [http-nio-12140-exec-5] INFO  com.goinhn.kon.utils.ResultInfoUtil- /kon/searchEntInfo/{entName)----------ResultInfo(flag=true, status=200, data={original={businessManagementRisk=null, businessStability=null, businessBackground=null, creditRisk=null, businessManagementAbility=null, judicialRisk=null}, label=ShowLabel(entName=ent1, businessBackgroundLabel=, businessManagementAbilityLabel=, businessManagementRiskLabel=, businessStabilityLabel=, creditRiskLabel=, judicialRiskLabel=), analysis={businessManagementRisk=null, businessStability=null, businessBackground=null, creditRisk=null, businessManagementAbility=null, judicialRisk=null}, label_time=24, info=ShowInfo(eid=188354, entName=ent1, bidNum=null, branchNum=null, investNum=null, shopNum=null, entStatus=迁出, entType=有限责任公司(自然人投资或控股), entCat=内资企业, industryPhy=批发和零售业, creditGrade=N+)}, errorMsg=)

2020/05/19-20:55 [http-nio-12140-exec-8] INFO  com.goinhn.kon.controller.SearchController- /kon/searchEntInfo/{entName)----------ent1

2020/05/19-20:55 [http-nio-12140-exec-8] INFO  com.goinhn.kon.utils.ResultInfoUtil- /kon/searchEntInfo/{entName)----------ResultInfo(flag=true, status=200, data={original={businessManagementRisk=null, businessStability=null, businessBackground=null, creditRisk=null, businessManagementAbility=null, judicialRisk=null}, label=ShowLabel(entName=ent1, businessBackgroundLabel=, businessManagementAbilityLabel=, businessManagementRiskLabel=, businessStabilityLabel=, creditRiskLabel=, judicialRiskLabel=), analysis={businessManagementRisk=null, businessStability=null, businessBackground=null, creditRisk=null, businessManagementAbility=null, judicialRisk=null}, label_time=16, info=ShowInfo(eid=188354, entName=ent1, bidNum=null, branchNum=null, investNum=null, shopNum=null, entStatus=迁出, entType=有限责任公司(自然人投资或控股), entCat=内资企业, industryPhy=批发和零售业, creditGrade=N+)}, errorMsg=)

2020/05/19-20:55 [http-nio-12140-exec-7] INFO  com.goinhn.kon.controller.SearchController- /kon/searchEntInfo/{entName)----------ent10

2020/05/19-20:55 [http-nio-12140-exec-7] INFO  com.goinhn.kon.utils.ResultInfoUtil- /kon/searchEntInfo/{entName)----------ResultInfo(flag=true, status=200, data={original={businessManagementRisk=null, businessStability=null, businessBackground=null, creditRisk=null, businessManagementAbility=null, judicialRisk=null}, label=ShowLabel(entName=ent10, businessBackgroundLabel=, businessManagementAbilityLabel=, businessManagementRiskLabel=, businessStabilityLabel=, creditRiskLabel=, judicialRiskLabel=), analysis={businessManagementRisk=null, businessStability=null, businessBackground=null, creditRisk=null, businessManagementAbility=null, judicialRisk=null}, label_time=10, info=ShowInfo(eid=188363, entName=ent10, bidNum=null, branchNum=null, investNum=null, shopNum=null, entStatus=迁出, entType=有限责任公司(自然人投资或控股), entCat=内资企业, industryPhy=批发和零售业, creditGrade=N+)}, errorMsg=)

2020/05/19-20:55 [http-nio-12140-exec-4] ERROR org.apache.catalina.core.ContainerBase.[Tomcat].[localhost].[/kon].[dispatcherServlet]- Servlet.service() for servlet [dispatcherServlet] in context with path [/kon] threw exception [Request processing failed; nested exception is java.lang.NullPointerException] with root cause
java.lang.NullPointerException: null
	at com.goinhn.kon.interceptor.ErrorInterceptor.postHandle(ErrorInterceptor.java:27)
	at org.springframework.web.servlet.HandlerExecutionChain.applyPostHandle(HandlerExecutionChain.java:156)
	at org.springframework.web.servlet.DispatcherServlet.doDispatch(DispatcherServlet.java:1045)
	at org.springframework.web.servlet.DispatcherServlet.doService(DispatcherServlet.java:942)
	at org.springframework.web.servlet.FrameworkServlet.processRequest(FrameworkServlet.java:1005)
	at org.springframework.web.servlet.FrameworkServlet.doGet(FrameworkServlet.java:897)
	at javax.servlet.http.HttpServlet.service(HttpServlet.java:634)
	at org.springframework.web.servlet.FrameworkServlet.service(FrameworkServlet.java:882)
	at javax.servlet.http.HttpServlet.service(HttpServlet.java:741)
	at org.apache.catalina.core.ApplicationFilterChain.internalDoFilter(ApplicationFilterChain.java:231)
	at org.apache.catalina.core.ApplicationFilterChain.doFilter(ApplicationFilterChain.java:166)
	at org.apache.tomcat.websocket.server.WsFilter.doFilter(WsFilter.java:53)
	at org.apache.catalina.core.ApplicationFilterChain.internalDoFilter(ApplicationFilterChain.java:193)
	at org.apache.catalina.core.ApplicationFilterChain.doFilter(ApplicationFilterChain.java:166)
	at org.springframework.web.filter.RequestContextFilter.doFilterInternal(RequestContextFilter.java:99)
	at org.springframework.web.filter.OncePerRequestFilter.doFilter(OncePerRequestFilter.java:107)
	at org.apache.catalina.core.ApplicationFilterChain.internalDoFilter(ApplicationFilterChain.java:193)
	at org.apache.catalina.core.ApplicationFilterChain.doFilter(ApplicationFilterChain.java:166)
	at org.springframework.web.filter.FormContentFilter.doFilterInternal(FormContentFilter.java:92)
	at org.springframework.web.filter.OncePerRequestFilter.doFilter(OncePerRequestFilter.java:107)
	at org.apache.catalina.core.ApplicationFilterChain.internalDoFilter(ApplicationFilterChain.java:193)
	at org.apache.catalina.core.ApplicationFilterChain.doFilter(ApplicationFilterChain.java:166)
	at org.springframework.web.filter.HiddenHttpMethodFilter.doFilterInternal(HiddenHttpMethodFilter.java:93)
	at org.springframework.web.filter.OncePerRequestFilter.doFilter(OncePerRequestFilter.java:107)
	at org.apache.catalina.core.ApplicationFilterChain.internalDoFilter(ApplicationFilterChain.java:193)
	at org.apache.catalina.core.ApplicationFilterChain.doFilter(ApplicationFilterChain.java:166)
	at org.springframework.web.filter.CharacterEncodingFilter.doFilterInternal(CharacterEncodingFilter.java:200)
	at org.springframework.web.filter.OncePerRequestFilter.doFilter(OncePerRequestFilter.java:107)
	at org.apache.catalina.core.ApplicationFilterChain.internalDoFilter(ApplicationFilterChain.java:193)
	at org.apache.catalina.core.ApplicationFilterChain.doFilter(ApplicationFilterChain.java:166)
	at org.apache.catalina.core.StandardWrapperValve.invoke(StandardWrapperValve.java:200)
	at org.apache.catalina.core.StandardContextValve.invoke(StandardContextValve.java:96)
	at org.apache.catalina.authenticator.AuthenticatorBase.invoke(AuthenticatorBase.java:490)
	at org.apache.catalina.core.StandardHostValve.invoke(StandardHostValve.java:139)
	at org.apache.catalina.valves.ErrorReportValve.invoke(ErrorReportValve.java:92)
	at org.apache.catalina.core.StandardEngineValve.invoke(StandardEngineValve.java:74)
	at org.apache.catalina.connector.CoyoteAdapter.service(CoyoteAdapter.java:343)
	at org.apache.coyote.http11.Http11Processor.service(Http11Processor.java:408)
	at org.apache.coyote.AbstractProcessorLight.process(AbstractProcessorLight.java:66)
	at org.apache.coyote.AbstractProtocol$ConnectionHandler.process(AbstractProtocol.java:834)
	at org.apache.tomcat.util.net.NioEndpoint$SocketProcessor.doRun(NioEndpoint.java:1415)
	at org.apache.tomcat.util.net.SocketProcessorBase.run(SocketProcessorBase.java:49)
	at java.util.concurrent.ThreadPoolExecutor.runWorker(ThreadPoolExecutor.java:1149)
	at java.util.concurrent.ThreadPoolExecutor$Worker.run(ThreadPoolExecutor.java:624)
	at org.apache.tomcat.util.threads.TaskThread$WrappingRunnable.run(TaskThread.java:61)
	at java.lang.Thread.run(Thread.java:748)
2020/05/19-20:55 [http-nio-12140-exec-10] ERROR org.apache.catalina.core.ContainerBase.[Tomcat].[localhost].[/kon].[dispatcherServlet]- Servlet.service() for servlet [dispatcherServlet] in context with path [/kon] threw exception [Request processing failed; nested exception is java.lang.NullPointerException] with root cause
java.lang.NullPointerException: null
	at com.goinhn.kon.interceptor.ErrorInterceptor.postHandle(ErrorInterceptor.java:27)
	at org.springframework.web.servlet.HandlerExecutionChain.applyPostHandle(HandlerExecutionChain.java:156)
	at org.springframework.web.servlet.DispatcherServlet.doDispatch(DispatcherServlet.java:1045)
	at org.springframework.web.servlet.DispatcherServlet.doService(DispatcherServlet.java:942)
	at org.springframework.web.servlet.FrameworkServlet.processRequest(FrameworkServlet.java:1005)
	at org.springframework.web.servlet.FrameworkServlet.doGet(FrameworkServlet.java:897)
	at javax.servlet.http.HttpServlet.service(HttpServlet.java:634)
	at org.springframework.web.servlet.FrameworkServlet.service(FrameworkServlet.java:882)
	at javax.servlet.http.HttpServlet.service(HttpServlet.java:741)
	at org.apache.catalina.core.ApplicationFilterChain.internalDoFilter(ApplicationFilterChain.java:231)
	at org.apache.catalina.core.ApplicationFilterChain.doFilter(ApplicationFilterChain.java:166)
	at org.apache.tomcat.websocket.server.WsFilter.doFilter(WsFilter.java:53)
	at org.apache.catalina.core.ApplicationFilterChain.internalDoFilter(ApplicationFilterChain.java:193)
	at org.apache.catalina.core.ApplicationFilterChain.doFilter(ApplicationFilterChain.java:166)
	at org.springframework.web.filter.RequestContextFilter.doFilterInternal(RequestContextFilter.java:99)
	at org.springframework.web.filter.OncePerRequestFilter.doFilter(OncePerRequestFilter.java:107)
	at org.apache.catalina.core.ApplicationFilterChain.internalDoFilter(ApplicationFilterChain.java:193)
	at org.apache.catalina.core.ApplicationFilterChain.doFilter(ApplicationFilterChain.java:166)
	at org.springframework.web.filter.FormContentFilter.doFilterInternal(FormContentFilter.java:92)
	at org.springframework.web.filter.OncePerRequestFilter.doFilter(OncePerRequestFilter.java:107)
	at org.apache.catalina.core.ApplicationFilterChain.internalDoFilter(ApplicationFilterChain.java:193)
	at org.apache.catalina.core.ApplicationFilterChain.doFilter(ApplicationFilterChain.java:166)
	at org.springframework.web.filter.HiddenHttpMethodFilter.doFilterInternal(HiddenHttpMethodFilter.java:93)
	at org.springframework.web.filter.OncePerRequestFilter.doFilter(OncePerRequestFilter.java:107)
	at org.apache.catalina.core.ApplicationFilterChain.internalDoFilter(ApplicationFilterChain.java:193)
	at org.apache.catalina.core.ApplicationFilterChain.doFilter(ApplicationFilterChain.java:166)
	at org.springframework.web.filter.CharacterEncodingFilter.doFilterInternal(CharacterEncodingFilter.java:200)
	at org.springframework.web.filter.OncePerRequestFilter.doFilter(OncePerRequestFilter.java:107)
	at org.apache.catalina.core.ApplicationFilterChain.internalDoFilter(ApplicationFilterChain.java:193)
	at org.apache.catalina.core.ApplicationFilterChain.doFilter(ApplicationFilterChain.java:166)
	at org.apache.catalina.core.StandardWrapperValve.invoke(StandardWrapperValve.java:200)
	at org.apache.catalina.core.StandardContextValve.invoke(StandardContextValve.java:96)
	at org.apache.catalina.authenticator.AuthenticatorBase.invoke(AuthenticatorBase.java:490)
	at org.apache.catalina.core.StandardHostValve.invoke(StandardHostValve.java:139)
	at org.apache.catalina.valves.ErrorReportValve.invoke(ErrorReportValve.java:92)
	at org.apache.catalina.core.StandardEngineValve.invoke(StandardEngineValve.java:74)
	at org.apache.catalina.connector.CoyoteAdapter.service(CoyoteAdapter.java:343)
	at org.apache.coyote.http11.Http11Processor.service(Http11Processor.java:408)
	at org.apache.coyote.AbstractProcessorLight.process(AbstractProcessorLight.java:66)
	at org.apache.coyote.AbstractProtocol$ConnectionHandler.process(AbstractProtocol.java:834)
	at org.apache.tomcat.util.net.NioEndpoint$SocketProcessor.doRun(NioEndpoint.java:1415)
	at org.apache.tomcat.util.net.SocketProcessorBase.run(SocketProcessorBase.java:49)
	at java.util.concurrent.ThreadPoolExecutor.runWorker(ThreadPoolExecutor.java:1149)
	at java.util.concurrent.ThreadPoolExecutor$Worker.run(ThreadPoolExecutor.java:624)
	at org.apache.tomcat.util.threads.TaskThread$WrappingRunnable.run(TaskThread.java:61)
	at java.lang.Thread.run(Thread.java:748)
2020/05/19-20:55 [http-nio-12140-exec-10] ERROR org.apache.catalina.core.ContainerBase.[Tomcat].[localhost].[/kon].[dispatcherServlet]- Servlet.service() for servlet [dispatcherServlet] threw exception
java.lang.NullPointerException: null
	at com.goinhn.kon.interceptor.ErrorInterceptor.postHandle(ErrorInterceptor.java:25)
	at org.springframework.web.servlet.HandlerExecutionChain.applyPostHandle(HandlerExecutionChain.java:156)
	at org.springframework.web.servlet.DispatcherServlet.doDispatch(DispatcherServlet.java:1045)
	at org.springframework.web.servlet.DispatcherServlet.doService(DispatcherServlet.java:942)
	at org.springframework.web.servlet.FrameworkServlet.processRequest(FrameworkServlet.java:1005)
	at org.springframework.web.servlet.FrameworkServlet.doGet(FrameworkServlet.java:897)
	at javax.servlet.http.HttpServlet.service(HttpServlet.java:634)
	at org.springframework.web.servlet.FrameworkServlet.service(FrameworkServlet.java:882)
	at javax.servlet.http.HttpServlet.service(HttpServlet.java:741)
	at org.apache.catalina.core.ApplicationFilterChain.internalDoFilter(ApplicationFilterChain.java:231)
	at org.apache.catalina.core.ApplicationFilterChain.doFilter(ApplicationFilterChain.java:166)
	at org.apache.catalina.core.ApplicationDispatcher.invoke(ApplicationDispatcher.java:712)
	at org.apache.catalina.core.ApplicationDispatcher.processRequest(ApplicationDispatcher.java:461)
	at org.apache.catalina.core.ApplicationDispatcher.doForward(ApplicationDispatcher.java:384)
	at org.apache.catalina.core.ApplicationDispatcher.forward(ApplicationDispatcher.java:312)
	at org.apache.catalina.core.StandardHostValve.custom(StandardHostValve.java:394)
	at org.apache.catalina.core.StandardHostValve.status(StandardHostValve.java:253)
	at org.apache.catalina.core.StandardHostValve.throwable(StandardHostValve.java:348)
	at org.apache.catalina.core.StandardHostValve.invoke(StandardHostValve.java:173)
	at org.apache.catalina.valves.ErrorReportValve.invoke(ErrorReportValve.java:92)
	at org.apache.catalina.core.StandardEngineValve.invoke(StandardEngineValve.java:74)
	at org.apache.catalina.connector.CoyoteAdapter.service(CoyoteAdapter.java:343)
	at org.apache.coyote.http11.Http11Processor.service(Http11Processor.java:408)
	at org.apache.coyote.AbstractProcessorLight.process(AbstractProcessorLight.java:66)
	at org.apache.coyote.AbstractProtocol$ConnectionHandler.process(AbstractProtocol.java:834)
	at org.apache.tomcat.util.net.NioEndpoint$SocketProcessor.doRun(NioEndpoint.java:1415)
	at org.apache.tomcat.util.net.SocketProcessorBase.run(SocketProcessorBase.java:49)
	at java.util.concurrent.ThreadPoolExecutor.runWorker(ThreadPoolExecutor.java:1149)
	at java.util.concurrent.ThreadPoolExecutor$Worker.run(ThreadPoolExecutor.java:624)
	at org.apache.tomcat.util.threads.TaskThread$WrappingRunnable.run(TaskThread.java:61)
	at java.lang.Thread.run(Thread.java:748)
2020/05/19-20:55 [http-nio-12140-exec-10] ERROR org.apache.catalina.core.ContainerBase.[Tomcat].[localhost]- Exception Processing ErrorPage[errorCode=0, location=/error]
org.springframework.web.util.NestedServletException: Request processing failed; nested exception is java.lang.NullPointerException
	at org.springframework.web.servlet.FrameworkServlet.processRequest(FrameworkServlet.java:1013)
	at org.springframework.web.servlet.FrameworkServlet.doGet(FrameworkServlet.java:897)
	at javax.servlet.http.HttpServlet.service(HttpServlet.java:634)
	at org.springframework.web.servlet.FrameworkServlet.service(FrameworkServlet.java:882)
	at javax.servlet.http.HttpServlet.service(HttpServlet.java:741)
	at org.apache.catalina.core.ApplicationFilterChain.internalDoFilter(ApplicationFilterChain.java:231)
	at org.apache.catalina.core.ApplicationFilterChain.doFilter(ApplicationFilterChain.java:166)
	at org.apache.catalina.core.ApplicationDispatcher.invoke(ApplicationDispatcher.java:712)
	at org.apache.catalina.core.ApplicationDispatcher.processRequest(ApplicationDispatcher.java:461)
	at org.apache.catalina.core.ApplicationDispatcher.doForward(ApplicationDispatcher.java:384)
	at org.apache.catalina.core.ApplicationDispatcher.forward(ApplicationDispatcher.java:312)
	at org.apache.catalina.core.StandardHostValve.custom(StandardHostValve.java:394)
	at org.apache.catalina.core.StandardHostValve.status(StandardHostValve.java:253)
	at org.apache.catalina.core.StandardHostValve.throwable(StandardHostValve.java:348)
	at org.apache.catalina.core.StandardHostValve.invoke(StandardHostValve.java:173)
	at org.apache.catalina.valves.ErrorReportValve.invoke(ErrorReportValve.java:92)
	at org.apache.catalina.core.StandardEngineValve.invoke(StandardEngineValve.java:74)
	at org.apache.catalina.connector.CoyoteAdapter.service(CoyoteAdapter.java:343)
	at org.apache.coyote.http11.Http11Processor.service(Http11Processor.java:408)
	at org.apache.coyote.AbstractProcessorLight.process(AbstractProcessorLight.java:66)
	at org.apache.coyote.AbstractProtocol$ConnectionHandler.process(AbstractProtocol.java:834)
	at org.apache.tomcat.util.net.NioEndpoint$SocketProcessor.doRun(NioEndpoint.java:1415)
	at org.apache.tomcat.util.net.SocketProcessorBase.run(SocketProcessorBase.java:49)
	at java.util.concurrent.ThreadPoolExecutor.runWorker(ThreadPoolExecutor.java:1149)
	at java.util.concurrent.ThreadPoolExecutor$Worker.run(ThreadPoolExecutor.java:624)
	at org.apache.tomcat.util.threads.TaskThread$WrappingRunnable.run(TaskThread.java:61)
	at java.lang.Thread.run(Thread.java:748)
Caused by: java.lang.NullPointerException: null
	at com.goinhn.kon.interceptor.ErrorInterceptor.postHandle(ErrorInterceptor.java:25)
	at org.springframework.web.servlet.HandlerExecutionChain.applyPostHandle(HandlerExecutionChain.java:156)
	at org.springframework.web.servlet.DispatcherServlet.doDispatch(DispatcherServlet.java:1045)
	at org.springframework.web.servlet.DispatcherServlet.doService(DispatcherServlet.java:942)
	at org.springframework.web.servlet.FrameworkServlet.processRequest(FrameworkServlet.java:1005)
	... 26 common frames omitted
2020/05/19-20:55 [http-nio-12140-exec-4] ERROR org.apache.catalina.core.ContainerBase.[Tomcat].[localhost].[/kon].[dispatcherServlet]- Servlet.service() for servlet [dispatcherServlet] threw exception
java.lang.NullPointerException: null
	at com.goinhn.kon.interceptor.ErrorInterceptor.postHandle(ErrorInterceptor.java:25)
	at org.springframework.web.servlet.HandlerExecutionChain.applyPostHandle(HandlerExecutionChain.java:156)
	at org.springframework.web.servlet.DispatcherServlet.doDispatch(DispatcherServlet.java:1045)
	at org.springframework.web.servlet.DispatcherServlet.doService(DispatcherServlet.java:942)
	at org.springframework.web.servlet.FrameworkServlet.processRequest(FrameworkServlet.java:1005)
	at org.springframework.web.servlet.FrameworkServlet.doGet(FrameworkServlet.java:897)
	at javax.servlet.http.HttpServlet.service(HttpServlet.java:634)
	at org.springframework.web.servlet.FrameworkServlet.service(FrameworkServlet.java:882)
	at javax.servlet.http.HttpServlet.service(HttpServlet.java:741)
	at org.apache.catalina.core.ApplicationFilterChain.internalDoFilter(ApplicationFilterChain.java:231)
	at org.apache.catalina.core.ApplicationFilterChain.doFilter(ApplicationFilterChain.java:166)
	at org.apache.catalina.core.ApplicationDispatcher.invoke(ApplicationDispatcher.java:712)
	at org.apache.catalina.core.ApplicationDispatcher.processRequest(ApplicationDispatcher.java:461)
	at org.apache.catalina.core.ApplicationDispatcher.doForward(ApplicationDispatcher.java:384)
	at org.apache.catalina.core.ApplicationDispatcher.forward(ApplicationDispatcher.java:312)
	at org.apache.catalina.core.StandardHostValve.custom(StandardHostValve.java:394)
	at org.apache.catalina.core.StandardHostValve.status(StandardHostValve.java:253)
	at org.apache.catalina.core.StandardHostValve.throwable(StandardHostValve.java:348)
	at org.apache.catalina.core.StandardHostValve.invoke(StandardHostValve.java:173)
	at org.apache.catalina.valves.ErrorReportValve.invoke(ErrorReportValve.java:92)
	at org.apache.catalina.core.StandardEngineValve.invoke(StandardEngineValve.java:74)
	at org.apache.catalina.connector.CoyoteAdapter.service(CoyoteAdapter.java:343)
	at org.apache.coyote.http11.Http11Processor.service(Http11Processor.java:408)
	at org.apache.coyote.AbstractProcessorLight.process(AbstractProcessorLight.java:66)
	at org.apache.coyote.AbstractProtocol$ConnectionHandler.process(AbstractProtocol.java:834)
	at org.apache.tomcat.util.net.NioEndpoint$SocketProcessor.doRun(NioEndpoint.java:1415)
	at org.apache.tomcat.util.net.SocketProcessorBase.run(SocketProcessorBase.java:49)
	at java.util.concurrent.ThreadPoolExecutor.runWorker(ThreadPoolExecutor.java:1149)
	at java.util.concurrent.ThreadPoolExecutor$Worker.run(ThreadPoolExecutor.java:624)
	at org.apache.tomcat.util.threads.TaskThread$WrappingRunnable.run(TaskThread.java:61)
	at java.lang.Thread.run(Thread.java:748)
2020/05/19-20:55 [http-nio-12140-exec-4] ERROR org.apache.catalina.core.ContainerBase.[Tomcat].[localhost]- Exception Processing ErrorPage[errorCode=0, location=/error]
org.springframework.web.util.NestedServletException: Request processing failed; nested exception is java.lang.NullPointerException
	at org.springframework.web.servlet.FrameworkServlet.processRequest(FrameworkServlet.java:1013)
	at org.springframework.web.servlet.FrameworkServlet.doGet(FrameworkServlet.java:897)
	at javax.servlet.http.HttpServlet.service(HttpServlet.java:634)
	at org.springframework.web.servlet.FrameworkServlet.service(FrameworkServlet.java:882)
	at javax.servlet.http.HttpServlet.service(HttpServlet.java:741)
	at org.apache.catalina.core.ApplicationFilterChain.internalDoFilter(ApplicationFilterChain.java:231)
	at org.apache.catalina.core.ApplicationFilterChain.doFilter(ApplicationFilterChain.java:166)
	at org.apache.catalina.core.ApplicationDispatcher.invoke(ApplicationDispatcher.java:712)
	at org.apache.catalina.core.ApplicationDispatcher.processRequest(ApplicationDispatcher.java:461)
	at org.apache.catalina.core.ApplicationDispatcher.doForward(ApplicationDispatcher.java:384)
	at org.apache.catalina.core.ApplicationDispatcher.forward(ApplicationDispatcher.java:312)
	at org.apache.catalina.core.StandardHostValve.custom(StandardHostValve.java:394)
	at org.apache.catalina.core.StandardHostValve.status(StandardHostValve.java:253)
	at org.apache.catalina.core.StandardHostValve.throwable(StandardHostValve.java:348)
	at org.apache.catalina.core.StandardHostValve.invoke(StandardHostValve.java:173)
	at org.apache.catalina.valves.ErrorReportValve.invoke(ErrorReportValve.java:92)
	at org.apache.catalina.core.StandardEngineValve.invoke(StandardEngineValve.java:74)
	at org.apache.catalina.connector.CoyoteAdapter.service(CoyoteAdapter.java:343)
	at org.apache.coyote.http11.Http11Processor.service(Http11Processor.java:408)
	at org.apache.coyote.AbstractProcessorLight.process(AbstractProcessorLight.java:66)
	at org.apache.coyote.AbstractProtocol$ConnectionHandler.process(AbstractProtocol.java:834)
	at org.apache.tomcat.util.net.NioEndpoint$SocketProcessor.doRun(NioEndpoint.java:1415)
	at org.apache.tomcat.util.net.SocketProcessorBase.run(SocketProcessorBase.java:49)
	at java.util.concurrent.ThreadPoolExecutor.runWorker(ThreadPoolExecutor.java:1149)
	at java.util.concurrent.ThreadPoolExecutor$Worker.run(ThreadPoolExecutor.java:624)
	at org.apache.tomcat.util.threads.TaskThread$WrappingRunnable.run(TaskThread.java:61)
	at java.lang.Thread.run(Thread.java:748)
Caused by: java.lang.NullPointerException: null
	at com.goinhn.kon.interceptor.ErrorInterceptor.postHandle(ErrorInterceptor.java:25)
	at org.springframework.web.servlet.HandlerExecutionChain.applyPostHandle(HandlerExecutionChain.java:156)
	at org.springframework.web.servlet.DispatcherServlet.doDispatch(DispatcherServlet.java:1045)
	at org.springframework.web.servlet.DispatcherServlet.doService(DispatcherServlet.java:942)
	at org.springframework.web.servlet.FrameworkServlet.processRequest(FrameworkServlet.java:1005)
	... 26 common frames omitted
2020/05/19-20:55 [http-nio-12140-exec-5] ERROR org.apache.catalina.core.ContainerBase.[Tomcat].[localhost].[/kon].[dispatcherServlet]- Servlet.service() for servlet [dispatcherServlet] in context with path [/kon] threw exception [Request processing failed; nested exception is java.lang.NullPointerException] with root cause
java.lang.NullPointerException: null
	at com.goinhn.kon.interceptor.ErrorInterceptor.postHandle(ErrorInterceptor.java:27)
	at org.springframework.web.servlet.HandlerExecutionChain.applyPostHandle(HandlerExecutionChain.java:156)
	at org.springframework.web.servlet.DispatcherServlet.doDispatch(DispatcherServlet.java:1045)
	at org.springframework.web.servlet.DispatcherServlet.doService(DispatcherServlet.java:942)
	at org.springframework.web.servlet.FrameworkServlet.processRequest(FrameworkServlet.java:1005)
	at org.springframework.web.servlet.FrameworkServlet.doGet(FrameworkServlet.java:897)
	at javax.servlet.http.HttpServlet.service(HttpServlet.java:634)
	at org.springframework.web.servlet.FrameworkServlet.service(FrameworkServlet.java:882)
	at javax.servlet.http.HttpServlet.service(HttpServlet.java:741)
	at org.apache.catalina.core.ApplicationFilterChain.internalDoFilter(ApplicationFilterChain.java:231)
	at org.apache.catalina.core.ApplicationFilterChain.doFilter(ApplicationFilterChain.java:166)
	at org.apache.tomcat.websocket.server.WsFilter.doFilter(WsFilter.java:53)
	at org.apache.catalina.core.ApplicationFilterChain.internalDoFilter(ApplicationFilterChain.java:193)
	at org.apache.catalina.core.ApplicationFilterChain.doFilter(ApplicationFilterChain.java:166)
	at org.springframework.web.filter.RequestContextFilter.doFilterInternal(RequestContextFilter.java:99)
	at org.springframework.web.filter.OncePerRequestFilter.doFilter(OncePerRequestFilter.java:107)
	at org.apache.catalina.core.ApplicationFilterChain.internalDoFilter(ApplicationFilterChain.java:193)
	at org.apache.catalina.core.ApplicationFilterChain.doFilter(ApplicationFilterChain.java:166)
	at org.springframework.web.filter.FormContentFilter.doFilterInternal(FormContentFilter.java:92)
	at org.springframework.web.filter.OncePerRequestFilter.doFilter(OncePerRequestFilter.java:107)
	at org.apache.catalina.core.ApplicationFilterChain.internalDoFilter(ApplicationFilterChain.java:193)
	at org.apache.catalina.core.ApplicationFilterChain.doFilter(ApplicationFilterChain.java:166)
	at org.springframework.web.filter.HiddenHttpMethodFilter.doFilterInternal(HiddenHttpMethodFilter.java:93)
	at org.springframework.web.filter.OncePerRequestFilter.doFilter(OncePerRequestFilter.java:107)
	at org.apache.catalina.core.ApplicationFilterChain.internalDoFilter(ApplicationFilterChain.java:193)
	at org.apache.catalina.core.ApplicationFilterChain.doFilter(ApplicationFilterChain.java:166)
	at org.springframework.web.filter.CharacterEncodingFilter.doFilterInternal(CharacterEncodingFilter.java:200)
	at org.springframework.web.filter.OncePerRequestFilter.doFilter(OncePerRequestFilter.java:107)
	at org.apache.catalina.core.ApplicationFilterChain.internalDoFilter(ApplicationFilterChain.java:193)
	at org.apache.catalina.core.ApplicationFilterChain.doFilter(ApplicationFilterChain.java:166)
	at org.apache.catalina.core.StandardWrapperValve.invoke(StandardWrapperValve.java:200)
	at org.apache.catalina.core.StandardContextValve.invoke(StandardContextValve.java:96)
	at org.apache.catalina.authenticator.AuthenticatorBase.invoke(AuthenticatorBase.java:490)
	at org.apache.catalina.core.StandardHostValve.invoke(StandardHostValve.java:139)
	at org.apache.catalina.valves.ErrorReportValve.invoke(ErrorReportValve.java:92)
	at org.apache.catalina.core.StandardEngineValve.invoke(StandardEngineValve.java:74)
	at org.apache.catalina.connector.CoyoteAdapter.service(CoyoteAdapter.java:343)
	at org.apache.coyote.http11.Http11Processor.service(Http11Processor.java:408)
	at org.apache.coyote.AbstractProcessorLight.process(AbstractProcessorLight.java:66)
	at org.apache.coyote.AbstractProtocol$ConnectionHandler.process(AbstractProtocol.java:834)
	at org.apache.tomcat.util.net.NioEndpoint$SocketProcessor.doRun(NioEndpoint.java:1415)
	at org.apache.tomcat.util.net.SocketProcessorBase.run(SocketProcessorBase.java:49)
	at java.util.concurrent.ThreadPoolExecutor.runWorker(ThreadPoolExecutor.java:1149)
	at java.util.concurrent.ThreadPoolExecutor$Worker.run(ThreadPoolExecutor.java:624)
	at org.apache.tomcat.util.threads.TaskThread$WrappingRunnable.run(TaskThread.java:61)
	at java.lang.Thread.run(Thread.java:748)
2020/05/19-20:55 [http-nio-12140-exec-8] ERROR org.apache.catalina.core.ContainerBase.[Tomcat].[localhost].[/kon].[dispatcherServlet]- Servlet.service() for servlet [dispatcherServlet] in context with path [/kon] threw exception [Request processing failed; nested exception is java.lang.NullPointerException] with root cause
java.lang.NullPointerException: null
	at com.goinhn.kon.interceptor.ErrorInterceptor.postHandle(ErrorInterceptor.java:27)
	at org.springframework.web.servlet.HandlerExecutionChain.applyPostHandle(HandlerExecutionChain.java:156)
	at org.springframework.web.servlet.DispatcherServlet.doDispatch(DispatcherServlet.java:1045)
	at org.springframework.web.servlet.DispatcherServlet.doService(DispatcherServlet.java:942)
	at org.springframework.web.servlet.FrameworkServlet.processRequest(FrameworkServlet.java:1005)
	at org.springframework.web.servlet.FrameworkServlet.doGet(FrameworkServlet.java:897)
	at javax.servlet.http.HttpServlet.service(HttpServlet.java:634)
	at org.springframework.web.servlet.FrameworkServlet.service(FrameworkServlet.java:882)
	at javax.servlet.http.HttpServlet.service(HttpServlet.java:741)
	at org.apache.catalina.core.ApplicationFilterChain.internalDoFilter(ApplicationFilterChain.java:231)
	at org.apache.catalina.core.ApplicationFilterChain.doFilter(ApplicationFilterChain.java:166)
	at org.apache.tomcat.websocket.server.WsFilter.doFilter(WsFilter.java:53)
	at org.apache.catalina.core.ApplicationFilterChain.internalDoFilter(ApplicationFilterChain.java:193)
	at org.apache.catalina.core.ApplicationFilterChain.doFilter(ApplicationFilterChain.java:166)
	at org.springframework.web.filter.RequestContextFilter.doFilterInternal(RequestContextFilter.java:99)
	at org.springframework.web.filter.OncePerRequestFilter.doFilter(OncePerRequestFilter.java:107)
	at org.apache.catalina.core.ApplicationFilterChain.internalDoFilter(ApplicationFilterChain.java:193)
	at org.apache.catalina.core.ApplicationFilterChain.doFilter(ApplicationFilterChain.java:166)
	at org.springframework.web.filter.FormContentFilter.doFilterInternal(FormContentFilter.java:92)
	at org.springframework.web.filter.OncePerRequestFilter.doFilter(OncePerRequestFilter.java:107)
	at org.apache.catalina.core.ApplicationFilterChain.internalDoFilter(ApplicationFilterChain.java:193)
	at org.apache.catalina.core.ApplicationFilterChain.doFilter(ApplicationFilterChain.java:166)
	at org.springframework.web.filter.HiddenHttpMethodFilter.doFilterInternal(HiddenHttpMethodFilter.java:93)
	at org.springframework.web.filter.OncePerRequestFilter.doFilter(OncePerRequestFilter.java:107)
	at org.apache.catalina.core.ApplicationFilterChain.internalDoFilter(ApplicationFilterChain.java:193)
	at org.apache.catalina.core.ApplicationFilterChain.doFilter(ApplicationFilterChain.java:166)
	at org.springframework.web.filter.CharacterEncodingFilter.doFilterInternal(CharacterEncodingFilter.java:200)
	at org.springframework.web.filter.OncePerRequestFilter.doFilter(OncePerRequestFilter.java:107)
	at org.apache.catalina.core.ApplicationFilterChain.internalDoFilter(ApplicationFilterChain.java:193)
	at org.apache.catalina.core.ApplicationFilterChain.doFilter(ApplicationFilterChain.java:166)
	at org.apache.catalina.core.StandardWrapperValve.invoke(StandardWrapperValve.java:200)
	at org.apache.catalina.core.StandardContextValve.invoke(StandardContextValve.java:96)
	at org.apache.catalina.authenticator.AuthenticatorBase.invoke(AuthenticatorBase.java:490)
	at org.apache.catalina.core.StandardHostValve.invoke(StandardHostValve.java:139)
	at org.apache.catalina.valves.ErrorReportValve.invoke(ErrorReportValve.java:92)
	at org.apache.catalina.core.StandardEngineValve.invoke(StandardEngineValve.java:74)
	at org.apache.catalina.connector.CoyoteAdapter.service(CoyoteAdapter.java:343)
	at org.apache.coyote.http11.Http11Processor.service(Http11Processor.java:408)
	at org.apache.coyote.AbstractProcessorLight.process(AbstractProcessorLight.java:66)
	at org.apache.coyote.AbstractProtocol$ConnectionHandler.process(AbstractProtocol.java:834)
	at org.apache.tomcat.util.net.NioEndpoint$SocketProcessor.doRun(NioEndpoint.java:1415)
	at org.apache.tomcat.util.net.SocketProcessorBase.run(SocketProcessorBase.java:49)
	at java.util.concurrent.ThreadPoolExecutor.runWorker(ThreadPoolExecutor.java:1149)
	at java.util.concurrent.ThreadPoolExecutor$Worker.run(ThreadPoolExecutor.java:624)
	at org.apache.tomcat.util.threads.TaskThread$WrappingRunnable.run(TaskThread.java:61)
	at java.lang.Thread.run(Thread.java:748)
2020/05/19-20:55 [http-nio-12140-exec-5] ERROR org.apache.catalina.core.ContainerBase.[Tomcat].[localhost].[/kon].[dispatcherServlet]- Servlet.service() for servlet [dispatcherServlet] threw exception
java.lang.NullPointerException: null
	at com.goinhn.kon.interceptor.ErrorInterceptor.postHandle(ErrorInterceptor.java:25)
	at org.springframework.web.servlet.HandlerExecutionChain.applyPostHandle(HandlerExecutionChain.java:156)
	at org.springframework.web.servlet.DispatcherServlet.doDispatch(DispatcherServlet.java:1045)
	at org.springframework.web.servlet.DispatcherServlet.doService(DispatcherServlet.java:942)
	at org.springframework.web.servlet.FrameworkServlet.processRequest(FrameworkServlet.java:1005)
	at org.springframework.web.servlet.FrameworkServlet.doGet(FrameworkServlet.java:897)
	at javax.servlet.http.HttpServlet.service(HttpServlet.java:634)
	at org.springframework.web.servlet.FrameworkServlet.service(FrameworkServlet.java:882)
	at javax.servlet.http.HttpServlet.service(HttpServlet.java:741)
	at org.apache.catalina.core.ApplicationFilterChain.internalDoFilter(ApplicationFilterChain.java:231)
	at org.apache.catalina.core.ApplicationFilterChain.doFilter(ApplicationFilterChain.java:166)
	at org.apache.catalina.core.ApplicationDispatcher.invoke(ApplicationDispatcher.java:712)
	at org.apache.catalina.core.ApplicationDispatcher.processRequest(ApplicationDispatcher.java:461)
	at org.apache.catalina.core.ApplicationDispatcher.doForward(ApplicationDispatcher.java:384)
	at org.apache.catalina.core.ApplicationDispatcher.forward(ApplicationDispatcher.java:312)
	at org.apache.catalina.core.StandardHostValve.custom(StandardHostValve.java:394)
	at org.apache.catalina.core.StandardHostValve.status(StandardHostValve.java:253)
	at org.apache.catalina.core.StandardHostValve.throwable(StandardHostValve.java:348)
	at org.apache.catalina.core.StandardHostValve.invoke(StandardHostValve.java:173)
	at org.apache.catalina.valves.ErrorReportValve.invoke(ErrorReportValve.java:92)
	at org.apache.catalina.core.StandardEngineValve.invoke(StandardEngineValve.java:74)
	at org.apache.catalina.connector.CoyoteAdapter.service(CoyoteAdapter.java:343)
	at org.apache.coyote.http11.Http11Processor.service(Http11Processor.java:408)
	at org.apache.coyote.AbstractProcessorLight.process(AbstractProcessorLight.java:66)
	at org.apache.coyote.AbstractProtocol$ConnectionHandler.process(AbstractProtocol.java:834)
	at org.apache.tomcat.util.net.NioEndpoint$SocketProcessor.doRun(NioEndpoint.java:1415)
	at org.apache.tomcat.util.net.SocketProcessorBase.run(SocketProcessorBase.java:49)
	at java.util.concurrent.ThreadPoolExecutor.runWorker(ThreadPoolExecutor.java:1149)
	at java.util.concurrent.ThreadPoolExecutor$Worker.run(ThreadPoolExecutor.java:624)
	at org.apache.tomcat.util.threads.TaskThread$WrappingRunnable.run(TaskThread.java:61)
	at java.lang.Thread.run(Thread.java:748)
2020/05/19-20:55 [http-nio-12140-exec-8] ERROR org.apache.catalina.core.ContainerBase.[Tomcat].[localhost].[/kon].[dispatcherServlet]- Servlet.service() for servlet [dispatcherServlet] threw exception
java.lang.NullPointerException: null
	at com.goinhn.kon.interceptor.ErrorInterceptor.postHandle(ErrorInterceptor.java:25)
	at org.springframework.web.servlet.HandlerExecutionChain.applyPostHandle(HandlerExecutionChain.java:156)
	at org.springframework.web.servlet.DispatcherServlet.doDispatch(DispatcherServlet.java:1045)
	at org.springframework.web.servlet.DispatcherServlet.doService(DispatcherServlet.java:942)
	at org.springframework.web.servlet.FrameworkServlet.processRequest(FrameworkServlet.java:1005)
	at org.springframework.web.servlet.FrameworkServlet.doGet(FrameworkServlet.java:897)
	at javax.servlet.http.HttpServlet.service(HttpServlet.java:634)
	at org.springframework.web.servlet.FrameworkServlet.service(FrameworkServlet.java:882)
	at javax.servlet.http.HttpServlet.service(HttpServlet.java:741)
	at org.apache.catalina.core.ApplicationFilterChain.internalDoFilter(ApplicationFilterChain.java:231)
	at org.apache.catalina.core.ApplicationFilterChain.doFilter(ApplicationFilterChain.java:166)
	at org.apache.catalina.core.ApplicationDispatcher.invoke(ApplicationDispatcher.java:712)
	at org.apache.catalina.core.ApplicationDispatcher.processRequest(ApplicationDispatcher.java:461)
	at org.apache.catalina.core.ApplicationDispatcher.doForward(ApplicationDispatcher.java:384)
	at org.apache.catalina.core.ApplicationDispatcher.forward(ApplicationDispatcher.java:312)
	at org.apache.catalina.core.StandardHostValve.custom(StandardHostValve.java:394)
	at org.apache.catalina.core.StandardHostValve.status(StandardHostValve.java:253)
	at org.apache.catalina.core.StandardHostValve.throwable(StandardHostValve.java:348)
	at org.apache.catalina.core.StandardHostValve.invoke(StandardHostValve.java:173)
	at org.apache.catalina.valves.ErrorReportValve.invoke(ErrorReportValve.java:92)
	at org.apache.catalina.core.StandardEngineValve.invoke(StandardEngineValve.java:74)
	at org.apache.catalina.connector.CoyoteAdapter.service(CoyoteAdapter.java:343)
	at org.apache.coyote.http11.Http11Processor.service(Http11Processor.java:408)
	at org.apache.coyote.AbstractProcessorLight.process(AbstractProcessorLight.java:66)
	at org.apache.coyote.AbstractProtocol$ConnectionHandler.process(AbstractProtocol.java:834)
	at org.apache.tomcat.util.net.NioEndpoint$SocketProcessor.doRun(NioEndpoint.java:1415)
	at org.apache.tomcat.util.net.SocketProcessorBase.run(SocketProcessorBase.java:49)
	at java.util.concurrent.ThreadPoolExecutor.runWorker(ThreadPoolExecutor.java:1149)
	at java.util.concurrent.ThreadPoolExecutor$Worker.run(ThreadPoolExecutor.java:624)
	at org.apache.tomcat.util.threads.TaskThread$WrappingRunnable.run(TaskThread.java:61)
	at java.lang.Thread.run(Thread.java:748)
2020/05/19-20:55 [http-nio-12140-exec-5] ERROR org.apache.catalina.core.ContainerBase.[Tomcat].[localhost]- Exception Processing ErrorPage[errorCode=0, location=/error]
org.springframework.web.util.NestedServletException: Request processing failed; nested exception is java.lang.NullPointerException
	at org.springframework.web.servlet.FrameworkServlet.processRequest(FrameworkServlet.java:1013)
	at org.springframework.web.servlet.FrameworkServlet.doGet(FrameworkServlet.java:897)
	at javax.servlet.http.HttpServlet.service(HttpServlet.java:634)
	at org.springframework.web.servlet.FrameworkServlet.service(FrameworkServlet.java:882)
	at javax.servlet.http.HttpServlet.service(HttpServlet.java:741)
	at org.apache.catalina.core.ApplicationFilterChain.internalDoFilter(ApplicationFilterChain.java:231)
	at org.apache.catalina.core.ApplicationFilterChain.doFilter(ApplicationFilterChain.java:166)
	at org.apache.catalina.core.ApplicationDispatcher.invoke(ApplicationDispatcher.java:712)
	at org.apache.catalina.core.ApplicationDispatcher.processRequest(ApplicationDispatcher.java:461)
	at org.apache.catalina.core.ApplicationDispatcher.doForward(ApplicationDispatcher.java:384)
	at org.apache.catalina.core.ApplicationDispatcher.forward(ApplicationDispatcher.java:312)
	at org.apache.catalina.core.StandardHostValve.custom(StandardHostValve.java:394)
	at org.apache.catalina.core.StandardHostValve.status(StandardHostValve.java:253)
	at org.apache.catalina.core.StandardHostValve.throwable(StandardHostValve.java:348)
	at org.apache.catalina.core.StandardHostValve.invoke(StandardHostValve.java:173)
	at org.apache.catalina.valves.ErrorReportValve.invoke(ErrorReportValve.java:92)
	at org.apache.catalina.core.StandardEngineValve.invoke(StandardEngineValve.java:74)
	at org.apache.catalina.connector.CoyoteAdapter.service(CoyoteAdapter.java:343)
	at org.apache.coyote.http11.Http11Processor.service(Http11Processor.java:408)
	at org.apache.coyote.AbstractProcessorLight.process(AbstractProcessorLight.java:66)
	at org.apache.coyote.AbstractProtocol$ConnectionHandler.process(AbstractProtocol.java:834)
	at org.apache.tomcat.util.net.NioEndpoint$SocketProcessor.doRun(NioEndpoint.java:1415)
	at org.apache.tomcat.util.net.SocketProcessorBase.run(SocketProcessorBase.java:49)
	at java.util.concurrent.ThreadPoolExecutor.runWorker(ThreadPoolExecutor.java:1149)
	at java.util.concurrent.ThreadPoolExecutor$Worker.run(ThreadPoolExecutor.java:624)
	at org.apache.tomcat.util.threads.TaskThread$WrappingRunnable.run(TaskThread.java:61)
	at java.lang.Thread.run(Thread.java:748)
Caused by: java.lang.NullPointerException: null
	at com.goinhn.kon.interceptor.ErrorInterceptor.postHandle(ErrorInterceptor.java:25)
	at org.springframework.web.servlet.HandlerExecutionChain.applyPostHandle(HandlerExecutionChain.java:156)
	at org.springframework.web.servlet.DispatcherServlet.doDispatch(DispatcherServlet.java:1045)
	at org.springframework.web.servlet.DispatcherServlet.doService(DispatcherServlet.java:942)
	at org.springframework.web.servlet.FrameworkServlet.processRequest(FrameworkServlet.java:1005)
	... 26 common frames omitted
2020/05/19-20:55 [http-nio-12140-exec-8] ERROR org.apache.catalina.core.ContainerBase.[Tomcat].[localhost]- Exception Processing ErrorPage[errorCode=0, location=/error]
org.springframework.web.util.NestedServletException: Request processing failed; nested exception is java.lang.NullPointerException
	at org.springframework.web.servlet.FrameworkServlet.processRequest(FrameworkServlet.java:1013)
	at org.springframework.web.servlet.FrameworkServlet.doGet(FrameworkServlet.java:897)
	at javax.servlet.http.HttpServlet.service(HttpServlet.java:634)
	at org.springframework.web.servlet.FrameworkServlet.service(FrameworkServlet.java:882)
	at javax.servlet.http.HttpServlet.service(HttpServlet.java:741)
	at org.apache.catalina.core.ApplicationFilterChain.internalDoFilter(ApplicationFilterChain.java:231)
	at org.apache.catalina.core.ApplicationFilterChain.doFilter(ApplicationFilterChain.java:166)
	at org.apache.catalina.core.ApplicationDispatcher.invoke(ApplicationDispatcher.java:712)
	at org.apache.catalina.core.ApplicationDispatcher.processRequest(ApplicationDispatcher.java:461)
	at org.apache.catalina.core.ApplicationDispatcher.doForward(ApplicationDispatcher.java:384)
	at org.apache.catalina.core.ApplicationDispatcher.forward(ApplicationDispatcher.java:312)
	at org.apache.catalina.core.StandardHostValve.custom(StandardHostValve.java:394)
	at org.apache.catalina.core.StandardHostValve.status(StandardHostValve.java:253)
	at org.apache.catalina.core.StandardHostValve.throwable(StandardHostValve.java:348)
	at org.apache.catalina.core.StandardHostValve.invoke(StandardHostValve.java:173)
	at org.apache.catalina.valves.ErrorReportValve.invoke(ErrorReportValve.java:92)
	at org.apache.catalina.core.StandardEngineValve.invoke(StandardEngineValve.java:74)
	at org.apache.catalina.connector.CoyoteAdapter.service(CoyoteAdapter.java:343)
	at org.apache.coyote.http11.Http11Processor.service(Http11Processor.java:408)
	at org.apache.coyote.AbstractProcessorLight.process(AbstractProcessorLight.java:66)
	at org.apache.coyote.AbstractProtocol$ConnectionHandler.process(AbstractProtocol.java:834)
	at org.apache.tomcat.util.net.NioEndpoint$SocketProcessor.doRun(NioEndpoint.java:1415)
	at org.apache.tomcat.util.net.SocketProcessorBase.run(SocketProcessorBase.java:49)
	at java.util.concurrent.ThreadPoolExecutor.runWorker(ThreadPoolExecutor.java:1149)
	at java.util.concurrent.ThreadPoolExecutor$Worker.run(ThreadPoolExecutor.java:624)
	at org.apache.tomcat.util.threads.TaskThread$WrappingRunnable.run(TaskThread.java:61)
	at java.lang.Thread.run(Thread.java:748)
Caused by: java.lang.NullPointerException: null
	at com.goinhn.kon.interceptor.ErrorInterceptor.postHandle(ErrorInterceptor.java:25)
	at org.springframework.web.servlet.HandlerExecutionChain.applyPostHandle(HandlerExecutionChain.java:156)
	at org.springframework.web.servlet.DispatcherServlet.doDispatch(DispatcherServlet.java:1045)
	at org.springframework.web.servlet.DispatcherServlet.doService(DispatcherServlet.java:942)
	at org.springframework.web.servlet.FrameworkServlet.processRequest(FrameworkServlet.java:1005)
	... 26 common frames omitted
2020/05/19-20:56 [http-nio-12140-exec-7] INFO  com.goinhn.kon.controller.AuthController- /kon/verify/userloginout----------18ba6126-2d86-4252-84ef-8f0e57b91460

2020/05/19-20:56 [http-nio-12140-exec-7] INFO  com.goinhn.kon.utils.ResultInfoUtil- /kon/verify/userloginout----------ResultInfo(flag=true, status=200, data=null, errorMsg=)

2020/05/19-20:56 [http-nio-12140-exec-2] INFO  com.goinhn.kon.controller.VerificationPageController- login page

2020/05/19-20:56 [http-nio-12140-exec-9] INFO  com.goinhn.kon.controller.AuthController- /kon/verify/adminlogin----------LoginVO(username=admin1, password=202cb962ac59075b964b07152d234b70)

2020/05/19-20:56 [http-nio-12140-exec-9] INFO  com.goinhn.kon.utils.ResultInfoUtil- /kon/verify/adminlogin----------ResultInfo(flag=true, status=200, data=TokenDTO(username=admin1, token=7e5f16a3-0c93-4d34-9d34-1f238af78fca, loginTime=2020-05-19T20:56:20.195, expireTime=2020-05-20T02:56:20.195), errorMsg=)

2020/05/19-20:56 [http-nio-12140-exec-3] INFO  com.goinhn.kon.controller.AdminPageController- admin page

2020/05/19-20:56 [http-nio-12140-exec-8] INFO  com.goinhn.kon.controller.ManageController- /kon/manage/count

2020/05/19-20:56 [http-nio-12140-exec-8] INFO  com.goinhn.kon.utils.ResultInfoUtil- /kon/manage/count----------ResultInfo(flag=true, status=200, data=CountDTO(userCount=4, adminCount=4, businessCount=188353), errorMsg=)

2020/05/19-20:56 [http-nio-12140-exec-7] INFO  com.goinhn.kon.controller.AdminPageController- business page

2020/05/19-20:56 [http-nio-12140-exec-10] INFO  com.goinhn.kon.controller.ManageController- /kon/manage/business----------start:0 length:10 draw:1 search:

2020/05/19-20:56 [http-nio-12140-exec-4] INFO  com.goinhn.kon.controller.ManageController- /kon/manage/business----------start:188350 length:10 draw:2 search:

2020/05/19-20:56 [http-nio-12140-exec-5] INFO  com.goinhn.kon.controller.ManageController- /kon/manage/businessdelete----------188373

2020/05/19-20:56 [http-nio-12140-exec-5] INFO  com.goinhn.kon.utils.ResultInfoUtil- /kon/manage/businessdelete----------ResultInfo(flag=true, status=200, data=, errorMsg=)

2020/05/19-20:56 [http-nio-12140-exec-8] INFO  com.goinhn.kon.controller.ManageController- /kon/manage/business----------start:188350 length:10 draw:3 search:

2020/05/19-20:56 [http-nio-12140-exec-7] INFO  com.goinhn.kon.controller.ManageController- /kon/manage/businessdelete----------188372

2020/05/19-20:56 [http-nio-12140-exec-7] INFO  com.goinhn.kon.utils.ResultInfoUtil- /kon/manage/businessdelete----------ResultInfo(flag=true, status=200, data=, errorMsg=)

2020/05/19-20:56 [http-nio-12140-exec-6] INFO  com.goinhn.kon.controller.ManageController- /kon/manage/business----------start:188350 length:10 draw:4 search:

2020/05/19-20:56 [http-nio-12140-exec-2] INFO  com.goinhn.kon.controller.ManageController- /kon/manage/businessdelete----------188371

2020/05/19-20:56 [http-nio-12140-exec-2] INFO  com.goinhn.kon.utils.ResultInfoUtil- /kon/manage/businessdelete----------ResultInfo(flag=true, status=200, data=, errorMsg=)

2020/05/19-20:56 [http-nio-12140-exec-9] INFO  com.goinhn.kon.controller.ManageController- /kon/manage/business----------start:188350 length:10 draw:5 search:

2020/05/19-20:56 [http-nio-12140-exec-1] INFO  com.goinhn.kon.controller.ManageController- /kon/manage/business----------start:188340 length:10 draw:6 search:

2020/05/19-20:56 [http-nio-12140-exec-3] INFO  com.goinhn.kon.controller.ManageController- /kon/manage/businessdelete----------188370

2020/05/19-20:56 [http-nio-12140-exec-3] INFO  com.goinhn.kon.utils.ResultInfoUtil- /kon/manage/businessdelete----------ResultInfo(flag=true, status=200, data=, errorMsg=)

2020/05/19-20:56 [http-nio-12140-exec-10] INFO  com.goinhn.kon.controller.ManageController- /kon/manage/business----------start:188340 length:10 draw:7 search:

2020/05/19-20:56 [http-nio-12140-exec-4] INFO  com.goinhn.kon.controller.ManageController- /kon/manage/businessdelete----------188369

2020/05/19-20:56 [http-nio-12140-exec-4] INFO  com.goinhn.kon.utils.ResultInfoUtil- /kon/manage/businessdelete----------ResultInfo(flag=true, status=200, data=, errorMsg=)

2020/05/19-20:56 [http-nio-12140-exec-5] INFO  com.goinhn.kon.controller.ManageController- /kon/manage/business----------start:188340 length:10 draw:8 search:

2020/05/19-20:56 [http-nio-12140-exec-8] INFO  com.goinhn.kon.controller.ManageController- /kon/manage/businessdelete----------188368

2020/05/19-20:56 [http-nio-12140-exec-8] INFO  com.goinhn.kon.utils.ResultInfoUtil- /kon/manage/businessdelete----------ResultInfo(flag=true, status=200, data=, errorMsg=)

2020/05/19-20:56 [http-nio-12140-exec-7] INFO  com.goinhn.kon.controller.ManageController- /kon/manage/business----------start:188340 length:10 draw:9 search:

2020/05/19-20:56 [http-nio-12140-exec-6] INFO  com.goinhn.kon.controller.ManageController- /kon/manage/businessdelete----------188367

2020/05/19-20:56 [http-nio-12140-exec-6] INFO  com.goinhn.kon.utils.ResultInfoUtil- /kon/manage/businessdelete----------ResultInfo(flag=true, status=200, data=, errorMsg=)

2020/05/19-20:56 [http-nio-12140-exec-2] INFO  com.goinhn.kon.controller.ManageController- /kon/manage/business----------start:188340 length:10 draw:10 search:

2020/05/19-20:57 [http-nio-12140-exec-9] INFO  com.goinhn.kon.controller.ManageController- /kon/manage/businessdelete----------188366

2020/05/19-20:57 [http-nio-12140-exec-9] INFO  com.goinhn.kon.utils.ResultInfoUtil- /kon/manage/businessdelete----------ResultInfo(flag=true, status=200, data=, errorMsg=)

2020/05/19-20:57 [http-nio-12140-exec-1] INFO  com.goinhn.kon.controller.ManageController- /kon/manage/business----------start:188340 length:10 draw:11 search:

2020/05/19-20:57 [http-nio-12140-exec-3] INFO  com.goinhn.kon.controller.ManageController- /kon/manage/businessdelete----------188365

2020/05/19-20:57 [http-nio-12140-exec-3] INFO  com.goinhn.kon.utils.ResultInfoUtil- /kon/manage/businessdelete----------ResultInfo(flag=true, status=200, data=, errorMsg=)

2020/05/19-20:57 [http-nio-12140-exec-10] INFO  com.goinhn.kon.controller.ManageController- /kon/manage/business----------start:188340 length:10 draw:12 search:

2020/05/19-20:57 [http-nio-12140-exec-4] INFO  com.goinhn.kon.controller.ManageController- /kon/manage/businessdelete----------188364

2020/05/19-20:57 [http-nio-12140-exec-4] INFO  com.goinhn.kon.utils.ResultInfoUtil- /kon/manage/businessdelete----------ResultInfo(flag=true, status=200, data=, errorMsg=)

2020/05/19-20:57 [http-nio-12140-exec-5] INFO  com.goinhn.kon.controller.ManageController- /kon/manage/business----------start:188340 length:10 draw:13 search:

2020/05/19-20:57 [http-nio-12140-exec-8] INFO  com.goinhn.kon.controller.ManageController- /kon/manage/businessdelete----------188363

2020/05/19-20:57 [http-nio-12140-exec-8] INFO  com.goinhn.kon.utils.ResultInfoUtil- /kon/manage/businessdelete----------ResultInfo(flag=true, status=200, data=, errorMsg=)

2020/05/19-20:57 [http-nio-12140-exec-7] INFO  com.goinhn.kon.controller.ManageController- /kon/manage/business----------start:188340 length:10 draw:14 search:

2020/05/19-20:57 [http-nio-12140-exec-6] INFO  com.goinhn.kon.controller.ManageController- /kon/manage/businessdelete----------188362

2020/05/19-20:57 [http-nio-12140-exec-6] INFO  com.goinhn.kon.utils.ResultInfoUtil- /kon/manage/businessdelete----------ResultInfo(flag=true, status=200, data=, errorMsg=)

2020/05/19-20:57 [http-nio-12140-exec-2] INFO  com.goinhn.kon.controller.ManageController- /kon/manage/business----------start:188340 length:10 draw:15 search:

2020/05/19-20:57 [http-nio-12140-exec-9] INFO  com.goinhn.kon.controller.ManageController- /kon/manage/businessdelete----------188361

2020/05/19-20:57 [http-nio-12140-exec-9] INFO  com.goinhn.kon.utils.ResultInfoUtil- /kon/manage/businessdelete----------ResultInfo(flag=true, status=200, data=, errorMsg=)

2020/05/19-20:57 [http-nio-12140-exec-1] INFO  com.goinhn.kon.controller.ManageController- /kon/manage/business----------start:188340 length:10 draw:16 search:

2020/05/19-20:57 [http-nio-12140-exec-3] INFO  com.goinhn.kon.controller.ManageController- /kon/manage/business----------start:188330 length:10 draw:17 search:

2020/05/19-20:57 [http-nio-12140-exec-10] INFO  com.goinhn.kon.controller.ManageController- /kon/manage/businessdelete----------188360

2020/05/19-20:57 [http-nio-12140-exec-10] INFO  com.goinhn.kon.utils.ResultInfoUtil- /kon/manage/businessdelete----------ResultInfo(flag=true, status=200, data=, errorMsg=)

2020/05/19-20:57 [http-nio-12140-exec-4] INFO  com.goinhn.kon.controller.ManageController- /kon/manage/business----------start:188330 length:10 draw:18 search:

2020/05/19-20:57 [http-nio-12140-exec-5] INFO  com.goinhn.kon.controller.ManageController- /kon/manage/businessdelete----------188359

2020/05/19-20:57 [http-nio-12140-exec-5] INFO  com.goinhn.kon.utils.ResultInfoUtil- /kon/manage/businessdelete----------ResultInfo(flag=true, status=200, data=, errorMsg=)

2020/05/19-20:57 [http-nio-12140-exec-8] INFO  com.goinhn.kon.controller.ManageController- /kon/manage/business----------start:188330 length:10 draw:19 search:

2020/05/19-20:57 [http-nio-12140-exec-7] INFO  com.goinhn.kon.controller.ManageController- /kon/manage/businessdelete----------188358

2020/05/19-20:57 [http-nio-12140-exec-7] INFO  com.goinhn.kon.utils.ResultInfoUtil- /kon/manage/businessdelete----------ResultInfo(flag=true, status=200, data=, errorMsg=)

2020/05/19-20:57 [http-nio-12140-exec-6] INFO  com.goinhn.kon.controller.ManageController- /kon/manage/business----------start:188330 length:10 draw:20 search:

2020/05/19-20:57 [http-nio-12140-exec-2] INFO  com.goinhn.kon.controller.ManageController- /kon/manage/businessdelete----------188357

2020/05/19-20:57 [http-nio-12140-exec-2] INFO  com.goinhn.kon.utils.ResultInfoUtil- /kon/manage/businessdelete----------ResultInfo(flag=true, status=200, data=, errorMsg=)

2020/05/19-20:57 [http-nio-12140-exec-9] INFO  com.goinhn.kon.controller.ManageController- /kon/manage/business----------start:188330 length:10 draw:21 search:

2020/05/19-20:57 [http-nio-12140-exec-1] INFO  com.goinhn.kon.controller.ManageController- /kon/manage/businessdelete----------188356

2020/05/19-20:57 [http-nio-12140-exec-1] INFO  com.goinhn.kon.utils.ResultInfoUtil- /kon/manage/businessdelete----------ResultInfo(flag=true, status=200, data=, errorMsg=)

2020/05/19-20:57 [http-nio-12140-exec-3] INFO  com.goinhn.kon.controller.ManageController- /kon/manage/business----------start:188330 length:10 draw:22 search:

2020/05/19-20:57 [http-nio-12140-exec-10] INFO  com.goinhn.kon.controller.ManageController- /kon/manage/businessdelete----------188355

2020/05/19-20:57 [http-nio-12140-exec-10] INFO  com.goinhn.kon.utils.ResultInfoUtil- /kon/manage/businessdelete----------ResultInfo(flag=true, status=200, data=, errorMsg=)

2020/05/19-20:57 [http-nio-12140-exec-4] INFO  com.goinhn.kon.controller.ManageController- /kon/manage/business----------start:188330 length:10 draw:23 search:

2020/05/19-20:57 [http-nio-12140-exec-5] INFO  com.goinhn.kon.controller.ManageController- /kon/manage/businessdelete----------188354

2020/05/19-20:57 [http-nio-12140-exec-5] INFO  com.goinhn.kon.utils.ResultInfoUtil- /kon/manage/businessdelete----------ResultInfo(flag=true, status=200, data=, errorMsg=)

2020/05/19-20:57 [http-nio-12140-exec-8] INFO  com.goinhn.kon.controller.ManageController- /kon/manage/business----------start:188330 length:10 draw:24 search:

2020/05/19-20:57 [http-nio-12140-exec-6] INFO  com.goinhn.kon.controller.AdminPageController- people page

2020/05/19-20:57 [http-nio-12140-exec-1] INFO  com.goinhn.kon.controller.ManageController- /kon/manage/people----------start:0 length:10 draw:1 search:

2020/05/19-20:57 [http-nio-12140-exec-3] INFO  com.goinhn.kon.controller.AuthController- /kon/verify/adminloginout----------7e5f16a3-0c93-4d34-9d34-1f238af78fca

2020/05/19-20:57 [http-nio-12140-exec-3] INFO  com.goinhn.kon.utils.ResultInfoUtil- /kon/verify/userloginout----------ResultInfo(flag=true, status=200, data=null, errorMsg=)

2020/05/19-20:57 [http-nio-12140-exec-10] INFO  com.goinhn.kon.controller.VerificationPageController- login page

2020/05/19-20:57 [http-nio-12140-exec-5] INFO  com.goinhn.kon.controller.AuthController- /kon/verify/userlogin----------LoginVO(username=user1, password=202cb962ac59075b964b07152d234b70)

2020/05/19-20:57 [http-nio-12140-exec-5] INFO  com.goinhn.kon.utils.ResultInfoUtil- /kon/verify/userlogin----------ResultInfo(flag=true, status=200, data=TokenDTO(username=user1, token=6ab6f6ff-757c-4897-93d1-a71a917797af, loginTime=2020-05-19T20:57:34.798, expireTime=2020-05-20T02:57:34.798), errorMsg=)

2020/05/19-20:57 [http-nio-12140-exec-8] INFO  com.goinhn.kon.controller.UserPageController- user page

2020/05/19-20:57 [http-nio-12140-exec-7] INFO  com.goinhn.kon.controller.UserPageController- new-class page

2020/05/19-20:57 [http-nio-12140-exec-2] INFO  com.goinhn.kon.controller.SaveController- /kon/save/searchEntName/{entName}----------ent1

2020/05/19-20:57 [http-nio-12140-exec-2] INFO  com.goinhn.kon.utils.ResultInfoUtil- /kon/save/searchEntName/{entName}----------ResultInfo(flag=true, status=200, data=, errorMsg=)

2020/05/19-20:57 [http-nio-12140-exec-9] INFO  com.goinhn.kon.controller.SaveController- /kon/save/saveNewInfo----------NewInfo(companyBaseinfoNewInfo=CompanyBaseinfoNewInfo(eid=null, entName=ent1, regcap=null, empNum=null, estDate=null, canDate=null, revDate=null, entStatus=迁出, opto=null, entType=有限责任公司(自然人投资或控股), entCat=内资企业, industryphy=批发和零售业, regcapcur=人民币, industryco=, opFrom=null), changeInfoNewInfos=[ChangeInfoNewInfo(eid=null, entName=ent1, remark=, dataFlag=1, altTime=null, altItem=, cxStatus=1, altDate=null, openo=)], entContributionNewInfos=[EntContributionNewInfo(eid=null, entName=ent1, invType=法人股东, conForm=高新技术成果, subconam=null, conProp=null, conDate=null)], entContributionYearNewInfos=[EntContributionYearNewInfo(eid=null, entName=ent1, subconcurrency=马克, acconDate=null, subconForm=股权, ancheType=公司, subconDate=null, acconcurrency=克朗, acconForm=公司, liacconam=null, lisubconam=null)], enterpriseInsuranceNewInfos=[EnterpriseInsuranceNewInfo(eid=null, entName=ent1, cbrq=null, xzbz=A, sbjgbh=, xzbzmc=大额, cbzt=1, cbztmc=1, dwbh=)], entGuaranteeNewInfos=[EntGuaranteeNewInfo(eid=null, entName=ent1, priclaseckind=, pefperFrom=null, iftopub=null, priclasecam=null, pefperto=null, guaranperiod=1, gaType=1, rage=1)], entSocialSecurityNewInfos=[EntSocialSecurityNewInfo(eid=null, entName=ent1, unpaidsocialinsSo110=null, unpaidsocialinsSo210=null, unpaidsocialinsSo310=null, unpaidsocialinsSo410=null, unpaidsocialinsSo510=null, updateTime=null)], jnCreditInfoNewInfo=JnCreditInfoNewInfo(eid=null, entName=ent1, creditGrade=N+), justiceDeclareNewInfos=[JusticeDeclareNewInfo(eid=null, entName=ent1, declareDate=null, appellant=0, defendant=0, declareStyle=裁判文书)], justiceEnforcedNewInfos=[JusticeEnforcedNewInfo(eid=null, entName=ent1, recordDate=null, enforceAmount=null)], justiceJudgeNewNewInfos=[JusticeJudgeNewNewInfo(eid=null, entName=ent1, time=null, title=, caseType=, judgeResult=, caseCause=, evidence=, courtRank=, dataType=, laTypes=)], oneDataNewInfo=OneDataNewInfo(eid=null, entName=ent1, isPunish=null, isBra=null, isBrap=null, pledgeNum=null, taxunpaidNum=null, bidNum=null, branchNum=null, investNum=null, shopNum=null, isKcont=null, isExcept=null, ibrandNum=null, icopyNum=null, ipatNum=null, isJnsn=null, levelRank=0, isJusticeCredit=null, isJusticeCreditaic=null, passpercent=null, qcwyNum=null, zhycNum=null, zlzpNum=null, isInfoa=null, isInfob=null, idomNum=null))

2020/05/19-20:57 [http-nio-12140-exec-9] INFO  com.goinhn.kon.service.impl.NewInfoServiceImpl- saveAllInfoSpecial----------NewInfo(companyBaseinfoNewInfo=CompanyBaseinfoNewInfo(eid=null, entName=ent1, regcap=null, empNum=null, estDate=null, canDate=null, revDate=null, entStatus=迁出, opto=null, entType=有限责任公司(自然人投资或控股), entCat=内资企业, industryphy=批发和零售业, regcapcur=人民币, industryco=, opFrom=null), changeInfoNewInfos=[ChangeInfoNewInfo(eid=null, entName=ent1, remark=, dataFlag=1, altTime=null, altItem=, cxStatus=1, altDate=null, openo=)], entContributionNewInfos=[EntContributionNewInfo(eid=null, entName=ent1, invType=法人股东, conForm=高新技术成果, subconam=null, conProp=null, conDate=null)], entContributionYearNewInfos=[EntContributionYearNewInfo(eid=null, entName=ent1, subconcurrency=马克, acconDate=null, subconForm=股权, ancheType=公司, subconDate=null, acconcurrency=克朗, acconForm=公司, liacconam=null, lisubconam=null)], enterpriseInsuranceNewInfos=[EnterpriseInsuranceNewInfo(eid=null, entName=ent1, cbrq=null, xzbz=A, sbjgbh=, xzbzmc=大额, cbzt=1, cbztmc=1, dwbh=)], entGuaranteeNewInfos=[EntGuaranteeNewInfo(eid=null, entName=ent1, priclaseckind=, pefperFrom=null, iftopub=null, priclasecam=null, pefperto=null, guaranperiod=1, gaType=1, rage=1)], entSocialSecurityNewInfos=[EntSocialSecurityNewInfo(eid=null, entName=ent1, unpaidsocialinsSo110=null, unpaidsocialinsSo210=null, unpaidsocialinsSo310=null, unpaidsocialinsSo410=null, unpaidsocialinsSo510=null, updateTime=null)], jnCreditInfoNewInfo=JnCreditInfoNewInfo(eid=null, entName=ent1, creditGrade=N+), justiceDeclareNewInfos=[JusticeDeclareNewInfo(eid=null, entName=ent1, declareDate=null, appellant=0, defendant=0, declareStyle=裁判文书)], justiceEnforcedNewInfos=[JusticeEnforcedNewInfo(eid=null, entName=ent1, recordDate=null, enforceAmount=null)], justiceJudgeNewNewInfos=[JusticeJudgeNewNewInfo(eid=null, entName=ent1, time=null, title=, caseType=, judgeResult=, caseCause=, evidence=, courtRank=, dataType=, laTypes=)], oneDataNewInfo=OneDataNewInfo(eid=null, entName=ent1, isPunish=null, isBra=null, isBrap=null, pledgeNum=null, taxunpaidNum=null, bidNum=null, branchNum=null, investNum=null, shopNum=null, isKcont=null, isExcept=null, ibrandNum=null, icopyNum=null, ipatNum=null, isJnsn=null, levelRank=0, isJusticeCredit=null, isJusticeCreditaic=null, passpercent=null, qcwyNum=null, zhycNum=null, zlzpNum=null, isInfoa=null, isInfob=null, idomNum=null))

2020/05/19-20:57 [http-nio-12140-exec-9] INFO  com.goinhn.kon.utils.ResultInfoUtil- /kon/save/saveNewInfo----------ResultInfo(flag=true, status=200, data=, errorMsg=)

2020/05/19-20:57 [http-nio-12140-exec-1] INFO  com.goinhn.kon.controller.SaveController- /kon/save/saveNewAnalysisLabel----------NewOriginalAnalysisLabel(businessBackgroundOriginal=BusinessBackgroundOriginal(eid=null, entName=ent1, empNum=0.0, encodeEntStatus=2.0, shopNum=0.0, branchNum=0.0, isInfoA=0.0, isInfoB=0.0, levelRank=0.0), businessManagementAbilityOriginal=BusinessManagementAbilityOriginal(eid=null, entName=ent1, evaluation=1.0, investNum=0.0, bidNum=0.0, cbzt=1.0, ibrandNum=0.0, icopyNum=0.0, ipatNum=0.0, idomNum=0.0, passPercent=0.0), businessManagementRiskOriginal=BusinessManagementRiskOriginal(eid=null, entName=ent1, priclasecam=0.0, encodeGuaranperiod=1.0, encodeGatype=1.0, isRage=1.0, subPefperfromto=0.0, unpaidsocialins=0.0, isBra=0.0, isBrap=0.0, pledgeNum=0.0, taxunpaidNum=0.0, isExcept=0.0), businessStabilityOriginal=BusinessStabilityOriginal(eid=null, entName=ent1, altTime=0.0), creditRiskOriginal=CreditRiskOriginal(eid=null, entName=ent1, isPunish=0.0, isKcont=0.0, creditGrade=7.0, isJusticeCreditaic=0.0), judicialRiskOriginal=JudicialRiskOriginal(eid=null, entName=ent1, lawSum=0.0, defendant=0.0, enforceAmount=0.0, isJusticeCredit=0.0), businessBackgroundAnalysis=BusinessBackgroundAnalysis(eid=null, entName=ent1, empNum=0.0, encodeEntStatus=0.6666666667, shopNum=0.0, branchNum=0.0, isInfoA=0.0, isInfoB=0.0, levelRank=0.0), businessManagementAbilityAnalysis=BusinessManagementAbilityAnalysis(eid=null, entName=ent1, evaluation=1.0, investNum=0.0, bidNum=0.0, cbzt=0.0769230769, ibrandNum=0.0, icopyNum=0.0, ipatNum=0.0, idomNum=0.0, passPercent=0.0), businessManagementRiskAnalysis=BusinessManagementRiskAnalysis(eid=null, entName=ent1, priclasecam=0.0, encodeGuaranperiod=1.0, encodeGatype=0.5, isRage=1.0, subPefperfromto=0.0192428175, unpaidsocialins=0.0, isBra=0.0, isBrap=0.0, pledgeNum=0.0, taxunpaidNum=0.0, isExcept=0.0), businessStabilityAnalysis=BusinessStabilityAnalysis(eid=null, entName=ent1, altTime=0.0), creditRiskAnalysis=CreditRiskAnalysis(eid=null, entName=ent1, isPunish=0.0, isKcont=0.0, creditGrade=1.0, isJusticeCreditaic=0.0), judicialRiskAnalysis=JudicialRiskAnalysis(eid=null, entName=ent1, lawSum=0.0, defendant=0.0, enforceAmount=0.0, isJusticeCredit=0.0), businessBackgroundLabel=BusinessBackgroundLabel(eid=null, entName=ent1, label=1), businessManagementAbilityLabel=BusinessManagementAbilityLabel(eid=null, entName=ent1, label=1), businessManagementRiskLabel=BusinessManagementRiskLabel(eid=null, entName=ent1, label=1), businessStabilityLabel=BusinessStabilityLabel(eid=null, entName=ent1, label=0), creditRiskLabel=CreditRiskLabel(eid=null, entName=ent1, label=3), judicialRiskLabel=JudicialRiskLabel(eid=null, entName=ent1, label=0))

2020/05/19-20:57 [http-nio-12140-exec-1] INFO  com.goinhn.kon.service.impl.AnalysisValueServiceImpl- saveRiskValueSpecial----------NewOriginalAnalysisLabel(businessBackgroundOriginal=BusinessBackgroundOriginal(eid=null, entName=ent1, empNum=0.0, encodeEntStatus=2.0, shopNum=0.0, branchNum=0.0, isInfoA=0.0, isInfoB=0.0, levelRank=0.0), businessManagementAbilityOriginal=BusinessManagementAbilityOriginal(eid=null, entName=ent1, evaluation=1.0, investNum=0.0, bidNum=0.0, cbzt=1.0, ibrandNum=0.0, icopyNum=0.0, ipatNum=0.0, idomNum=0.0, passPercent=0.0), businessManagementRiskOriginal=BusinessManagementRiskOriginal(eid=null, entName=ent1, priclasecam=0.0, encodeGuaranperiod=1.0, encodeGatype=1.0, isRage=1.0, subPefperfromto=0.0, unpaidsocialins=0.0, isBra=0.0, isBrap=0.0, pledgeNum=0.0, taxunpaidNum=0.0, isExcept=0.0), businessStabilityOriginal=BusinessStabilityOriginal(eid=null, entName=ent1, altTime=0.0), creditRiskOriginal=CreditRiskOriginal(eid=null, entName=ent1, isPunish=0.0, isKcont=0.0, creditGrade=7.0, isJusticeCreditaic=0.0), judicialRiskOriginal=JudicialRiskOriginal(eid=null, entName=ent1, lawSum=0.0, defendant=0.0, enforceAmount=0.0, isJusticeCredit=0.0), businessBackgroundAnalysis=BusinessBackgroundAnalysis(eid=null, entName=ent1, empNum=0.0, encodeEntStatus=0.6666666667, shopNum=0.0, branchNum=0.0, isInfoA=0.0, isInfoB=0.0, levelRank=0.0), businessManagementAbilityAnalysis=BusinessManagementAbilityAnalysis(eid=null, entName=ent1, evaluation=1.0, investNum=0.0, bidNum=0.0, cbzt=0.0769230769, ibrandNum=0.0, icopyNum=0.0, ipatNum=0.0, idomNum=0.0, passPercent=0.0), businessManagementRiskAnalysis=BusinessManagementRiskAnalysis(eid=null, entName=ent1, priclasecam=0.0, encodeGuaranperiod=1.0, encodeGatype=0.5, isRage=1.0, subPefperfromto=0.0192428175, unpaidsocialins=0.0, isBra=0.0, isBrap=0.0, pledgeNum=0.0, taxunpaidNum=0.0, isExcept=0.0), businessStabilityAnalysis=BusinessStabilityAnalysis(eid=null, entName=ent1, altTime=0.0), creditRiskAnalysis=CreditRiskAnalysis(eid=null, entName=ent1, isPunish=0.0, isKcont=0.0, creditGrade=1.0, isJusticeCreditaic=0.0), judicialRiskAnalysis=JudicialRiskAnalysis(eid=null, entName=ent1, lawSum=0.0, defendant=0.0, enforceAmount=0.0, isJusticeCredit=0.0), businessBackgroundLabel=BusinessBackgroundLabel(eid=null, entName=ent1, label=1), businessManagementAbilityLabel=BusinessManagementAbilityLabel(eid=null, entName=ent1, label=1), businessManagementRiskLabel=BusinessManagementRiskLabel(eid=null, entName=ent1, label=1), businessStabilityLabel=BusinessStabilityLabel(eid=null, entName=ent1, label=0), creditRiskLabel=CreditRiskLabel(eid=null, entName=ent1, label=3), judicialRiskLabel=JudicialRiskLabel(eid=null, entName=ent1, label=0))

2020/05/19-20:57 [http-nio-12140-exec-1] INFO  com.goinhn.kon.service.impl.LabelServiceImpl- saveLabelValueSpecial----------NewOriginalAnalysisLabel(businessBackgroundOriginal=BusinessBackgroundOriginal(eid=null, entName=ent1, empNum=0.0, encodeEntStatus=2.0, shopNum=0.0, branchNum=0.0, isInfoA=0.0, isInfoB=0.0, levelRank=0.0), businessManagementAbilityOriginal=BusinessManagementAbilityOriginal(eid=null, entName=ent1, evaluation=1.0, investNum=0.0, bidNum=0.0, cbzt=1.0, ibrandNum=0.0, icopyNum=0.0, ipatNum=0.0, idomNum=0.0, passPercent=0.0), businessManagementRiskOriginal=BusinessManagementRiskOriginal(eid=null, entName=ent1, priclasecam=0.0, encodeGuaranperiod=1.0, encodeGatype=1.0, isRage=1.0, subPefperfromto=0.0, unpaidsocialins=0.0, isBra=0.0, isBrap=0.0, pledgeNum=0.0, taxunpaidNum=0.0, isExcept=0.0), businessStabilityOriginal=BusinessStabilityOriginal(eid=null, entName=ent1, altTime=0.0), creditRiskOriginal=CreditRiskOriginal(eid=null, entName=ent1, isPunish=0.0, isKcont=0.0, creditGrade=7.0, isJusticeCreditaic=0.0), judicialRiskOriginal=JudicialRiskOriginal(eid=null, entName=ent1, lawSum=0.0, defendant=0.0, enforceAmount=0.0, isJusticeCredit=0.0), businessBackgroundAnalysis=BusinessBackgroundAnalysis(eid=null, entName=ent1, empNum=0.0, encodeEntStatus=0.6666666667, shopNum=0.0, branchNum=0.0, isInfoA=0.0, isInfoB=0.0, levelRank=0.0), businessManagementAbilityAnalysis=BusinessManagementAbilityAnalysis(eid=null, entName=ent1, evaluation=1.0, investNum=0.0, bidNum=0.0, cbzt=0.0769230769, ibrandNum=0.0, icopyNum=0.0, ipatNum=0.0, idomNum=0.0, passPercent=0.0), businessManagementRiskAnalysis=BusinessManagementRiskAnalysis(eid=null, entName=ent1, priclasecam=0.0, encodeGuaranperiod=1.0, encodeGatype=0.5, isRage=1.0, subPefperfromto=0.0192428175, unpaidsocialins=0.0, isBra=0.0, isBrap=0.0, pledgeNum=0.0, taxunpaidNum=0.0, isExcept=0.0), businessStabilityAnalysis=BusinessStabilityAnalysis(eid=null, entName=ent1, altTime=0.0), creditRiskAnalysis=CreditRiskAnalysis(eid=null, entName=ent1, isPunish=0.0, isKcont=0.0, creditGrade=1.0, isJusticeCreditaic=0.0), judicialRiskAnalysis=JudicialRiskAnalysis(eid=null, entName=ent1, lawSum=0.0, defendant=0.0, enforceAmount=0.0, isJusticeCredit=0.0), businessBackgroundLabel=BusinessBackgroundLabel(eid=null, entName=ent1, label=1), businessManagementAbilityLabel=BusinessManagementAbilityLabel(eid=null, entName=ent1, label=1), businessManagementRiskLabel=BusinessManagementRiskLabel(eid=null, entName=ent1, label=1), businessStabilityLabel=BusinessStabilityLabel(eid=null, entName=ent1, label=0), creditRiskLabel=CreditRiskLabel(eid=null, entName=ent1, label=3), judicialRiskLabel=JudicialRiskLabel(eid=null, entName=ent1, label=0))

2020/05/19-20:57 [http-nio-12140-exec-1] INFO  com.goinhn.kon.service.impl.OriginalValueServiceImpl- saveRiskValueSpecial----------NewOriginalAnalysisLabel(businessBackgroundOriginal=BusinessBackgroundOriginal(eid=null, entName=ent1, empNum=0.0, encodeEntStatus=2.0, shopNum=0.0, branchNum=0.0, isInfoA=0.0, isInfoB=0.0, levelRank=0.0), businessManagementAbilityOriginal=BusinessManagementAbilityOriginal(eid=null, entName=ent1, evaluation=1.0, investNum=0.0, bidNum=0.0, cbzt=1.0, ibrandNum=0.0, icopyNum=0.0, ipatNum=0.0, idomNum=0.0, passPercent=0.0), businessManagementRiskOriginal=BusinessManagementRiskOriginal(eid=null, entName=ent1, priclasecam=0.0, encodeGuaranperiod=1.0, encodeGatype=1.0, isRage=1.0, subPefperfromto=0.0, unpaidsocialins=0.0, isBra=0.0, isBrap=0.0, pledgeNum=0.0, taxunpaidNum=0.0, isExcept=0.0), businessStabilityOriginal=BusinessStabilityOriginal(eid=null, entName=ent1, altTime=0.0), creditRiskOriginal=CreditRiskOriginal(eid=null, entName=ent1, isPunish=0.0, isKcont=0.0, creditGrade=7.0, isJusticeCreditaic=0.0), judicialRiskOriginal=JudicialRiskOriginal(eid=null, entName=ent1, lawSum=0.0, defendant=0.0, enforceAmount=0.0, isJusticeCredit=0.0), businessBackgroundAnalysis=BusinessBackgroundAnalysis(eid=null, entName=ent1, empNum=0.0, encodeEntStatus=0.6666666667, shopNum=0.0, branchNum=0.0, isInfoA=0.0, isInfoB=0.0, levelRank=0.0), businessManagementAbilityAnalysis=BusinessManagementAbilityAnalysis(eid=null, entName=ent1, evaluation=1.0, investNum=0.0, bidNum=0.0, cbzt=0.0769230769, ibrandNum=0.0, icopyNum=0.0, ipatNum=0.0, idomNum=0.0, passPercent=0.0), businessManagementRiskAnalysis=BusinessManagementRiskAnalysis(eid=null, entName=ent1, priclasecam=0.0, encodeGuaranperiod=1.0, encodeGatype=0.5, isRage=1.0, subPefperfromto=0.0192428175, unpaidsocialins=0.0, isBra=0.0, isBrap=0.0, pledgeNum=0.0, taxunpaidNum=0.0, isExcept=0.0), businessStabilityAnalysis=BusinessStabilityAnalysis(eid=null, entName=ent1, altTime=0.0), creditRiskAnalysis=CreditRiskAnalysis(eid=null, entName=ent1, isPunish=0.0, isKcont=0.0, creditGrade=1.0, isJusticeCreditaic=0.0), judicialRiskAnalysis=JudicialRiskAnalysis(eid=null, entName=ent1, lawSum=0.0, defendant=0.0, enforceAmount=0.0, isJusticeCredit=0.0), businessBackgroundLabel=BusinessBackgroundLabel(eid=null, entName=ent1, label=1), businessManagementAbilityLabel=BusinessManagementAbilityLabel(eid=null, entName=ent1, label=1), businessManagementRiskLabel=BusinessManagementRiskLabel(eid=null, entName=ent1, label=1), businessStabilityLabel=BusinessStabilityLabel(eid=null, entName=ent1, label=0), creditRiskLabel=CreditRiskLabel(eid=null, entName=ent1, label=3), judicialRiskLabel=JudicialRiskLabel(eid=null, entName=ent1, label=0))

2020/05/19-20:57 [http-nio-12140-exec-1] INFO  com.goinhn.kon.utils.ResultInfoUtil- /kon/save/saveNewAnalysisLabel----------ResultInfo(flag=true, status=200, data=, errorMsg=)

2020/05/19-20:58 [http-nio-12140-exec-3] INFO  com.goinhn.kon.controller.UserPageController- user page

2020/05/19-20:58 [http-nio-12140-exec-4] INFO  com.goinhn.kon.controller.UserPageController- search page

2020/05/19-20:58 [http-nio-12140-exec-5] INFO  com.goinhn.kon.controller.SearchController- /kon/search/searchEntName/{entName}----------ent1

2020/05/19-20:58 [http-nio-12140-exec-5] INFO  com.goinhn.kon.utils.ResultInfoUtil- /kon/search/searchEntName/{entName}----------ResultInfo(flag=true, status=200, data=[ShowTableInfo(entName=ent1, entCat=内资企业)], errorMsg=)

2020/05/19-20:58 [http-nio-12140-exec-8] INFO  com.goinhn.kon.controller.SearchController- /kon/searchEntInfo/{entName)----------ent1

2020/05/19-20:58 [http-nio-12140-exec-8] INFO  com.goinhn.kon.utils.ResultInfoUtil- /kon/searchEntInfo/{entName)----------ResultInfo(flag=true, status=200, data={original={businessManagementRisk=[{name=企业经营风险分析, value=[0.0, 1.0, 1.0, 1.0, 0.0, 0.0, 0.0, 0.0, 0.0, 0.0, 0.0]}], businessStability=[{name=企业稳定性分析, value=[0.0]}], businessBackground=[{name=企业背景分析, value=[0.0, 2.0, 0.0, 0.0, 0.0, 0.0, 0.0]}], creditRisk=[{name=信用风险分析, value=[0.0, 0.0, 7.0, 0.0]}], businessManagementAbility=[{name=企业经营能力分析, value=[1.0, 0.0, 0.0, 1.0, 0.0, 0.0, 0.0, 0.0, 0.0]}], judicialRisk=[{name=司法风险分析, value=[0.0, 0.0, 0.0, 0.0]}]}, label=ShowLabel(entName=ent1, businessBackgroundLabel=非正常企业, businessManagementAbilityLabel=较弱级, businessManagementRiskLabel=高度风险, businessStabilityLabel=非常稳定, creditRiskLabel=AAA风险, judicialRiskLabel=稍有风险), analysis={businessManagementRisk=[{name=企业经营风险分析, value=[0.0, 1.0, 0.5, 1.0, 0.0192428175, 0.0, 0.0, 0.0, 0.0, 0.0, 0.0]}], businessStability=[{name=企业稳定性分析, value=[0.0]}], businessBackground=[{name=企业背景分析, value=[0.0, 0.6666666667, 0.0, 0.0, 0.0, 0.0, 0.0]}], creditRisk=[{name=信用风险分析, value=[0.0, 0.0, 1.0, 0.0]}], businessManagementAbility=[{name=企业经营能力分析, value=[1.0, 0.0, 0.0, 0.0769230769, 0.0, 0.0, 0.0, 0.0, 0.0]}], judicialRisk=[{name=司法风险分析, value=[0.0, 0.0, 0.0, 0.0]}]}, label_time=18, info=ShowInfo(eid=188374, entName=ent1, bidNum=null, branchNum=null, investNum=null, shopNum=null, entStatus=迁出, entType=有限责任公司(自然人投资或控股), entCat=内资企业, industryPhy=批发和零售业, creditGrade=N+)}, errorMsg=)

2020/05/19-20:59 [http-nio-12140-exec-2] INFO  com.goinhn.kon.controller.VerificationPageController- login page

2020/05/19-21:00 [http-nio-12140-exec-3] INFO  com.goinhn.kon.controller.AuthController- /kon/verify/adminlogin----------LoginVO(username=admin1, password=202cb962ac59075b964b07152d234b70)

2020/05/19-21:00 [http-nio-12140-exec-3] INFO  com.goinhn.kon.utils.ResultInfoUtil- /kon/verify/adminlogin----------ResultInfo(flag=true, status=200, data=TokenDTO(username=admin1, token=e6d32c27-e5e7-474e-9773-d2b0fcba8caf, loginTime=2020-05-19T21:00:11.898, expireTime=2020-05-20T03:00:11.898), errorMsg=)

2020/05/19-21:00 [http-nio-12140-exec-10] INFO  com.goinhn.kon.controller.AdminPageController- admin page

2020/05/19-21:00 [http-nio-12140-exec-4] INFO  com.goinhn.kon.controller.ManageController- /kon/manage/count

2020/05/19-21:00 [http-nio-12140-exec-4] INFO  com.goinhn.kon.utils.ResultInfoUtil- /kon/manage/count----------ResultInfo(flag=true, status=200, data=CountDTO(userCount=4, adminCount=4, businessCount=188334), errorMsg=)

2020/05/19-21:00 [http-nio-12140-exec-5] INFO  com.goinhn.kon.controller.AdminPageController- business page

2020/05/19-21:00 [http-nio-12140-exec-8] INFO  com.goinhn.kon.controller.ManageController- /kon/manage/business----------start:0 length:10 draw:1 search:

2020/05/19-21:00 [http-nio-12140-exec-7] INFO  com.goinhn.kon.controller.ManageController- /kon/manage/business----------start:188330 length:10 draw:2 search:

2020/05/19-21:00 [http-nio-12140-exec-6] INFO  com.goinhn.kon.controller.ManageController- /kon/manage/businessdelete----------188374

2020/05/19-21:00 [http-nio-12140-exec-6] INFO  com.goinhn.kon.utils.ResultInfoUtil- /kon/manage/businessdelete----------ResultInfo(flag=true, status=200, data=, errorMsg=)

2020/05/19-21:00 [http-nio-12140-exec-2] INFO  com.goinhn.kon.controller.ManageController- /kon/manage/business----------start:188330 length:10 draw:3 search:

2020/05/19-21:00 [http-nio-12140-exec-1] INFO  com.goinhn.kon.controller.UserPageController- search page

2020/05/19-21:00 [http-nio-12140-exec-4] INFO  com.goinhn.kon.controller.SearchController- /kon/search/searchEntName/{entName}----------ent1

2020/05/19-21:00 [http-nio-12140-exec-4] INFO  com.goinhn.kon.utils.ResultInfoUtil- /kon/search/searchEntName/{entName}----------ResultInfo(flag=false, status=200, data=, errorMsg=不存在该公司)

2020/05/19-21:00 [http-nio-12140-exec-8] INFO  com.goinhn.kon.controller.VerificationPageController- login page

2020/05/19-21:01 [http-nio-12140-exec-7] INFO  com.goinhn.kon.controller.AuthController- /kon/verify/adminlogin----------LoginVO(username=admin1, password=202cb962ac59075b964b07152d234b70)

2020/05/19-21:01 [http-nio-12140-exec-7] INFO  com.goinhn.kon.utils.ResultInfoUtil- /kon/verify/adminlogin----------ResultInfo(flag=true, status=200, data=TokenDTO(username=admin1, token=c3238d56-262c-45c8-8701-50a29cd96f7e, loginTime=2020-05-19T21:01:00.802, expireTime=2020-05-20T03:01:00.802), errorMsg=)

2020/05/19-21:01 [http-nio-12140-exec-6] INFO  com.goinhn.kon.controller.AdminPageController- admin page

2020/05/19-21:01 [http-nio-12140-exec-2] INFO  com.goinhn.kon.controller.ManageController- /kon/manage/count

2020/05/19-21:01 [http-nio-12140-exec-2] INFO  com.goinhn.kon.utils.ResultInfoUtil- /kon/manage/count----------ResultInfo(flag=true, status=200, data=CountDTO(userCount=4, adminCount=4, businessCount=188333), errorMsg=)

2020/05/19-21:01 [http-nio-12140-exec-1] INFO  com.goinhn.kon.controller.AdminPageController- people page

2020/05/19-21:01 [http-nio-12140-exec-3] INFO  com.goinhn.kon.controller.ManageController- /kon/manage/people----------start:0 length:10 draw:1 search:

2020/05/19-21:01 [http-nio-12140-exec-10] INFO  com.goinhn.kon.controller.AdminPageController- business page

2020/05/19-21:01 [http-nio-12140-exec-5] INFO  com.goinhn.kon.controller.ManageController- /kon/manage/business----------start:0 length:10 draw:1 search:

2020/05/19-21:01 [http-nio-12140-exec-8] INFO  com.goinhn.kon.controller.ManageController- /kon/manage/business----------start:188330 length:10 draw:2 search:

