2020/03/21-23:16 [main] INFO  com.goinhn.portrait.mapper.ShowInfoMapperTest- Starting ShowInfoMapperTest on DESKTOP-8S8SM78 with PID 10752 (started by goinhn in D:\Experience\corporate_portrait\portrait)
2020/03/21-23:16 [main] DEBUG com.goinhn.portrait.mapper.ShowInfoMapperTest- Running with Spring Boot v2.1.3.RELEASE, Spring v5.1.5.RELEASE
2020/03/21-23:16 [main] INFO  com.goinhn.portrait.mapper.ShowInfoMapperTest- No active profile set, falling back to default profiles: default
2020/03/21-23:16 [main] WARN  org.springframework.boot.autoconfigure.thymeleaf.ThymeleafAutoConfiguration$DefaultTemplateResolverConfiguration- Cannot find template location: classpath:/templates/ (please add some templates or check your Thymeleaf configuration)
2020/03/21-23:16 [main] INFO  com.goinhn.portrait.mapper.ShowInfoMapperTest- Started ShowInfoMapperTest in 13.015 seconds (JVM running for 14.891)
2020/03/21-23:16 [main] DEBUG com.goinhn.portrait.mapper.ShowInfoMapper.selectByEntName- ==>  Preparing: select eid, entname, bidnum, branchnum, investnum, shopnum, level_rank, entstatus, enttype, entcat, industryphy, credit_grade from tab_info where entname = ?
2020/03/21-23:16 [main] DEBUG com.goinhn.portrait.mapper.ShowInfoMapper.selectByEntName- ==> Parameters: d7a53be04656e8aca9751afa7c43e7cf(String)
2020/03/21-23:16 [main] DEBUG com.goinhn.portrait.mapper.ShowInfoMapper.selectByEntName- <==      Total: 1
2020/03/23-22:03 [restartedMain] INFO  com.goinhn.portrait.PortraitApplication- Starting PortraitApplication on DESKTOP-8S8SM78 with PID 12868 (D:\Experience\corporate_portrait\portrait\target\classes started by goinhn in D:\Experience\corporate_portrait\portrait)
2020/03/23-22:03 [restartedMain] DEBUG com.goinhn.portrait.PortraitApplication- Running with Spring Boot v2.1.3.RELEASE, Spring v5.1.5.RELEASE
2020/03/23-22:03 [restartedMain] INFO  com.goinhn.portrait.PortraitApplication- No active profile set, falling back to default profiles: default
2020/03/23-22:03 [restartedMain] WARN  org.mybatis.spring.mapper.ClassPathMapperScanner- No MyBatis mapper was found in '[com.goinhn.portrait.dao]' package. Please check your configuration.
2020/03/23-22:03 [restartedMain] WARN  org.mybatis.spring.mapper.ClassPathMapperScanner- No MyBatis mapper was found in '[com.goinhn.portrait]' package. Please check your configuration.
2020/03/23-22:03 [restartedMain] WARN  org.springframework.boot.web.servlet.context.AnnotationConfigServletWebServerApplicationContext- Exception encountered during context initialization - cancelling refresh attempt: org.springframework.beans.factory.UnsatisfiedDependencyException: Error creating bean with name 'analysisValueServiceImpl': Unsatisfied dependency expressed through field 'businessBackgroundAnalysisMapper'; nested exception is org.springframework.beans.factory.NoSuchBeanDefinitionException: No qualifying bean of type 'com.goinhn.portrait.mapper.BusinessBackgroundAnalysisMapper' available: expected at least 1 bean which qualifies as autowire candidate. Dependency annotations: {@org.springframework.beans.factory.annotation.Autowired(required=true)}
2020/03/23-22:03 [restartedMain] ERROR org.springframework.boot.diagnostics.LoggingFailureAnalysisReporter- 

***************************
APPLICATION FAILED TO START
***************************

Description:

Field businessBackgroundAnalysisMapper in com.goinhn.portrait.service.impl.AnalysisValueServiceImpl required a bean of type 'com.goinhn.portrait.mapper.BusinessBackgroundAnalysisMapper' that could not be found.

The injection point has the following annotations:
	- @org.springframework.beans.factory.annotation.Autowired(required=true)


Action:

Consider defining a bean of type 'com.goinhn.portrait.mapper.BusinessBackgroundAnalysisMapper' in your configuration.

2020/03/23-22:05 [restartedMain] INFO  com.goinhn.portrait.PortraitApplication- Starting PortraitApplication on DESKTOP-8S8SM78 with PID 6912 (D:\Experience\corporate_portrait\portrait\target\classes started by goinhn in D:\Experience\corporate_portrait\portrait)
2020/03/23-22:05 [restartedMain] DEBUG com.goinhn.portrait.PortraitApplication- Running with Spring Boot v2.1.3.RELEASE, Spring v5.1.5.RELEASE
2020/03/23-22:05 [restartedMain] INFO  com.goinhn.portrait.PortraitApplication- No active profile set, falling back to default profiles: default
2020/03/23-22:05 [restartedMain] WARN  org.mybatis.spring.mapper.ClassPathMapperScanner- No MyBatis mapper was found in '[com.goinhn.portrait.dao]' package. Please check your configuration.
2020/03/23-22:05 [restartedMain] WARN  org.mybatis.spring.mapper.ClassPathMapperScanner- No MyBatis mapper was found in '[com.goinhn.portrait]' package. Please check your configuration.
2020/03/23-22:05 [restartedMain] WARN  org.springframework.boot.web.servlet.context.AnnotationConfigServletWebServerApplicationContext- Exception encountered during context initialization - cancelling refresh attempt: org.springframework.beans.factory.UnsatisfiedDependencyException: Error creating bean with name 'analysisValueServiceImpl': Unsatisfied dependency expressed through field 'businessBackgroundAnalysisMapper'; nested exception is org.springframework.beans.factory.NoSuchBeanDefinitionException: No qualifying bean of type 'com.goinhn.portrait.mapper.BusinessBackgroundAnalysisMapper' available: expected at least 1 bean which qualifies as autowire candidate. Dependency annotations: {@org.springframework.beans.factory.annotation.Autowired(required=true)}
2020/03/23-22:05 [restartedMain] ERROR org.springframework.boot.diagnostics.LoggingFailureAnalysisReporter- 

***************************
APPLICATION FAILED TO START
***************************

Description:

Field businessBackgroundAnalysisMapper in com.goinhn.portrait.service.impl.AnalysisValueServiceImpl required a bean of type 'com.goinhn.portrait.mapper.BusinessBackgroundAnalysisMapper' that could not be found.

The injection point has the following annotations:
	- @org.springframework.beans.factory.annotation.Autowired(required=true)


Action:

Consider defining a bean of type 'com.goinhn.portrait.mapper.BusinessBackgroundAnalysisMapper' in your configuration.

2020/03/23-22:09 [restartedMain] INFO  com.goinhn.portrait.PortraitApplication- Starting PortraitApplication on DESKTOP-8S8SM78 with PID 8064 (D:\Experience\corporate_portrait\portrait\target\classes started by goinhn in D:\Experience\corporate_portrait\portrait)
2020/03/23-22:09 [restartedMain] DEBUG com.goinhn.portrait.PortraitApplication- Running with Spring Boot v2.1.3.RELEASE, Spring v5.1.5.RELEASE
2020/03/23-22:09 [restartedMain] INFO  com.goinhn.portrait.PortraitApplication- No active profile set, falling back to default profiles: default
2020/03/23-22:09 [restartedMain] WARN  org.springframework.boot.autoconfigure.thymeleaf.ThymeleafAutoConfiguration$DefaultTemplateResolverConfiguration- Cannot find template location: classpath:/templates/ (please add some templates or check your Thymeleaf configuration)
2020/03/23-22:09 [restartedMain] INFO  com.goinhn.portrait.PortraitApplication- Started PortraitApplication in 3.461 seconds (JVM running for 4.817)
